average sequence length: 163.50
loss in epoch 1 iteration 0: 96.91963195800781
loss in epoch 1 iteration 1: -273.1311950683594
loss in epoch 1 iteration 2: -1383.53369140625
loss in epoch 1 iteration 3: -3359.590576171875
loss in epoch 1 iteration 4: -4426.56494140625
loss in epoch 1 iteration 5: -3412.963623046875
loss in epoch 1 iteration 6: -5001.001953125
loss in epoch 1 iteration 7: -5347.57568359375
loss in epoch 1 iteration 8: -4606.60888671875
loss in epoch 1 iteration 9: -4503.55908203125
loss in epoch 1 iteration 10: -5201.5244140625
loss in epoch 1 iteration 11: -4979.94091796875
loss in epoch 1 iteration 12: -5475.05224609375
loss in epoch 1 iteration 13: -5018.45166015625
loss in epoch 1 iteration 14: -5271.04736328125
loss in epoch 1 iteration 15: -5386.21142578125
loss in epoch 1 iteration 16: -5299.15283203125
loss in epoch 1 iteration 17: -5877.66162109375
loss in epoch 1 iteration 18: -5383.9765625
loss in epoch 1 iteration 19: -5637.5498046875
loss in epoch 1 iteration 20: -5938.63330078125
loss in epoch 1 iteration 21: -5415.37939453125
loss in epoch 1 iteration 22: -5950.37255859375
loss in epoch 1 iteration 23: -5591.67822265625
loss in epoch 1 iteration 24: -6328.53125
loss in epoch 1 iteration 25: -6452.0126953125
loss in epoch 1 iteration 26: -6530.8994140625
loss in epoch 1 iteration 27: -6240.5654296875
loss in epoch 1 iteration 28: -6744.916015625
loss in epoch 1 iteration 29: -6131.59423828125
loss in epoch 1 iteration 30: -6219.4345703125
loss in epoch 1 iteration 31: -6054.46142578125
loss in epoch 1 iteration 32: -6732.802734375
loss in epoch 1 iteration 33: -7506.4482421875
loss in epoch 1 iteration 34: -6249.71533203125
loss in epoch 1 iteration 35: -6578.98486328125
loss in epoch 1 iteration 36: -6912.56689453125
loss in epoch 1 iteration 37: -7269.00439453125
loss in epoch 1 iteration 38: -7062.6259765625
loss in epoch 1 iteration 39: -7686.697265625
loss in epoch 1 iteration 40: -7048.28466796875
loss in epoch 1 iteration 41: -7551.74072265625
loss in epoch 1 iteration 42: -6309.37255859375
loss in epoch 1 iteration 43: -6991.35205078125
loss in epoch 1 iteration 44: -7407.6181640625
loss in epoch 1 iteration 45: -7195.19140625
loss in epoch 1 iteration 46: -6923.2734375
loss in epoch 1 iteration 47: -7478.140625
loss in epoch 2 iteration 0: -8029.64599609375
loss in epoch 2 iteration 1: -7125.72021484375
loss in epoch 2 iteration 2: -7368.51318359375
loss in epoch 2 iteration 3: -7273.27880859375
loss in epoch 2 iteration 4: -7874.5166015625
loss in epoch 2 iteration 5: -7724.86376953125
loss in epoch 2 iteration 6: -7368.9814453125
loss in epoch 2 iteration 7: -7970.66650390625
loss in epoch 2 iteration 8: -7715.16259765625
loss in epoch 2 iteration 9: -7382.75341796875
loss in epoch 2 iteration 10: -7317.68212890625
loss in epoch 2 iteration 11: -6637.08740234375
loss in epoch 2 iteration 12: -8044.34228515625
loss in epoch 2 iteration 13: -7090.4267578125
loss in epoch 2 iteration 14: -7393.8896484375
loss in epoch 2 iteration 15: -7496.685546875
loss in epoch 2 iteration 16: -8784.68359375
loss in epoch 2 iteration 17: -7794.36669921875
loss in epoch 2 iteration 18: -8093.68798828125
loss in epoch 2 iteration 19: -7915.28369140625
loss in epoch 2 iteration 20: -7588.59521484375
loss in epoch 2 iteration 21: -8742.517578125
loss in epoch 2 iteration 22: -7650.943359375
loss in epoch 2 iteration 23: -8258.1806640625
loss in epoch 2 iteration 24: -7125.93896484375
loss in epoch 2 iteration 25: -7245.234375
loss in epoch 2 iteration 26: -7818.99560546875
loss in epoch 2 iteration 27: -8015.57568359375
loss in epoch 2 iteration 28: -8136.9306640625
loss in epoch 2 iteration 29: -7593.5810546875
loss in epoch 2 iteration 30: -7175.166015625
loss in epoch 2 iteration 31: -7996.46240234375
loss in epoch 2 iteration 32: -8179.56396484375
loss in epoch 2 iteration 33: -6986.0048828125
loss in epoch 2 iteration 34: -8896.09765625
loss in epoch 2 iteration 35: -8242.9365234375
loss in epoch 2 iteration 36: -8692.6865234375
loss in epoch 2 iteration 37: -7284.4541015625
loss in epoch 2 iteration 38: -7761.78564453125
loss in epoch 2 iteration 39: -7686.810546875
loss in epoch 2 iteration 40: -7849.52392578125
loss in epoch 2 iteration 41: -7241.73388671875
loss in epoch 2 iteration 42: -8937.626953125
loss in epoch 2 iteration 43: -8228.2548828125
loss in epoch 2 iteration 44: -8517.875
loss in epoch 2 iteration 45: -8038.08349609375
loss in epoch 2 iteration 46: -8059.033203125
loss in epoch 2 iteration 47: -6873.267578125
loss in epoch 3 iteration 0: -8035.25
loss in epoch 3 iteration 1: -8227.8623046875
loss in epoch 3 iteration 2: -7101.2861328125
loss in epoch 3 iteration 3: -7771.99365234375
loss in epoch 3 iteration 4: -7903.64794921875
loss in epoch 3 iteration 5: -8271.732421875
loss in epoch 3 iteration 6: -8987.828125
loss in epoch 3 iteration 7: -8369.4345703125
loss in epoch 3 iteration 8: -7456.8291015625
loss in epoch 3 iteration 9: -8790.4130859375
loss in epoch 3 iteration 10: -8007.5625
loss in epoch 3 iteration 11: -8267.447265625
loss in epoch 3 iteration 12: -8599.2265625
loss in epoch 3 iteration 13: -8219.009765625
loss in epoch 3 iteration 14: -8455.388671875
loss in epoch 3 iteration 15: -7961.84814453125
loss in epoch 3 iteration 16: -8026.341796875
loss in epoch 3 iteration 17: -8687.35546875
loss in epoch 3 iteration 18: -7689.46484375
loss in epoch 3 iteration 19: -8327.5234375
loss in epoch 3 iteration 20: -7986.0224609375
loss in epoch 3 iteration 21: -8575.6474609375
loss in epoch 3 iteration 22: -8870.05859375
loss in epoch 3 iteration 23: -9008.9990234375
loss in epoch 3 iteration 24: -7810.83056640625
loss in epoch 3 iteration 25: -8185.6015625
loss in epoch 3 iteration 26: -9653.6044921875
loss in epoch 3 iteration 27: -8173.0263671875
loss in epoch 3 iteration 28: -8934.9599609375
loss in epoch 3 iteration 29: -8896.0146484375
loss in epoch 3 iteration 30: -8003.32763671875
loss in epoch 3 iteration 31: -8642.099609375
loss in epoch 3 iteration 32: -8734.796875
loss in epoch 3 iteration 33: -8128.15966796875
loss in epoch 3 iteration 34: -8955.2001953125
loss in epoch 3 iteration 35: -8468.6025390625
loss in epoch 3 iteration 36: -8627.966796875
loss in epoch 3 iteration 37: -7919.3125
loss in epoch 3 iteration 38: -8851.5546875
loss in epoch 3 iteration 39: -8583.4951171875
loss in epoch 3 iteration 40: -7450.98291015625
loss in epoch 3 iteration 41: -8085.013671875
loss in epoch 3 iteration 42: -7629.68896484375
loss in epoch 3 iteration 43: -8805.4755859375
loss in epoch 3 iteration 44: -8858.8974609375
loss in epoch 3 iteration 45: -8735.30078125
loss in epoch 3 iteration 46: -7753.61474609375
loss in epoch 3 iteration 47: -8207.26171875
Evaluating........................................................................................................................epoch:3, time: 1.152146(s), valid (NDCG@10: 0.5284, HR@10: 0.7709), test (NDCG@10: 0.2756, HR@10: 0.7599)
loss in epoch 4 iteration 0: -8461.025390625
loss in epoch 4 iteration 1: -8438.3603515625
loss in epoch 4 iteration 2: -8099.30517578125
loss in epoch 4 iteration 3: -8376.2236328125
loss in epoch 4 iteration 4: -8481.421875
loss in epoch 4 iteration 5: -8207.2197265625
loss in epoch 4 iteration 6: -9273.7373046875
loss in epoch 4 iteration 7: -9291.5908203125
loss in epoch 4 iteration 8: -8453.0595703125
loss in epoch 4 iteration 9: -8616.9384765625
loss in epoch 4 iteration 10: -8385.462890625
loss in epoch 4 iteration 11: -8955.8623046875
loss in epoch 4 iteration 12: -8872.3310546875
loss in epoch 4 iteration 13: -8108.00146484375
loss in epoch 4 iteration 14: -9265.0322265625
loss in epoch 4 iteration 15: -8374.1416015625
loss in epoch 4 iteration 16: -9401.3056640625
loss in epoch 4 iteration 17: -9182.3427734375
loss in epoch 4 iteration 18: -7533.06201171875
loss in epoch 4 iteration 19: -8784.779296875
loss in epoch 4 iteration 20: -8205.9736328125
loss in epoch 4 iteration 21: -9427.5302734375
loss in epoch 4 iteration 22: -9274.8505859375
loss in epoch 4 iteration 23: -9139.1162109375
loss in epoch 4 iteration 24: -8543.626953125
loss in epoch 4 iteration 25: -9614.6669921875
loss in epoch 4 iteration 26: -8849.1201171875
loss in epoch 4 iteration 27: -8541.220703125
loss in epoch 4 iteration 28: -7772.650390625
loss in epoch 4 iteration 29: -8308.94921875
loss in epoch 4 iteration 30: -9581.7333984375
loss in epoch 4 iteration 31: -8237.353515625
loss in epoch 4 iteration 32: -8495.83203125
loss in epoch 4 iteration 33: -8644.5986328125
loss in epoch 4 iteration 34: -8480.443359375
loss in epoch 4 iteration 35: -8920.0673828125
loss in epoch 4 iteration 36: -9601.640625
loss in epoch 4 iteration 37: -9170.3544921875
loss in epoch 4 iteration 38: -8726.578125
loss in epoch 4 iteration 39: -8300.658203125
loss in epoch 4 iteration 40: -8817.205078125
loss in epoch 4 iteration 41: -9349.2333984375
loss in epoch 4 iteration 42: -8334.8125
loss in epoch 4 iteration 43: -8018.70556640625
loss in epoch 4 iteration 44: -8828.3828125
loss in epoch 4 iteration 45: -9377.97265625
loss in epoch 4 iteration 46: -8427.630859375
loss in epoch 4 iteration 47: -8928.705078125
loss in epoch 5 iteration 0: -8999.4736328125
loss in epoch 5 iteration 1: -9195.8369140625
loss in epoch 5 iteration 2: -8949.1533203125
loss in epoch 5 iteration 3: -8319.1875
loss in epoch 5 iteration 4: -9447.91796875
loss in epoch 5 iteration 5: -8763.1318359375
loss in epoch 5 iteration 6: -8559.03515625
loss in epoch 5 iteration 7: -8346.9658203125
loss in epoch 5 iteration 8: -8463.5234375
loss in epoch 5 iteration 9: -8923.837890625
loss in epoch 5 iteration 10: -8316.001953125
loss in epoch 5 iteration 11: -7760.58984375
loss in epoch 5 iteration 12: -8641.31640625
loss in epoch 5 iteration 13: -9528.4521484375
loss in epoch 5 iteration 14: -8954.09375
loss in epoch 5 iteration 15: -9374.779296875
loss in epoch 5 iteration 16: -9290.8779296875
loss in epoch 5 iteration 17: -8581.1748046875
loss in epoch 5 iteration 18: -9152.0234375
loss in epoch 5 iteration 19: -8573.87890625
loss in epoch 5 iteration 20: -9065.8037109375
loss in epoch 5 iteration 21: -8564.0830078125
loss in epoch 5 iteration 22: -8502.0234375
loss in epoch 5 iteration 23: -9065.7578125
loss in epoch 5 iteration 24: -8285.6806640625
loss in epoch 5 iteration 25: -8288.052734375
loss in epoch 5 iteration 26: -8626.5615234375
loss in epoch 5 iteration 27: -8600.0791015625
loss in epoch 5 iteration 28: -8783.5888671875
loss in epoch 5 iteration 29: -8349.5888671875
loss in epoch 5 iteration 30: -8060.5634765625
loss in epoch 5 iteration 31: -9962.6123046875
loss in epoch 5 iteration 32: -9462.7978515625
loss in epoch 5 iteration 33: -9013.1650390625
loss in epoch 5 iteration 34: -8114.6953125
loss in epoch 5 iteration 35: -8593.45703125
loss in epoch 5 iteration 36: -8425.76171875
loss in epoch 5 iteration 37: -8305.7607421875
loss in epoch 5 iteration 38: -8173.431640625
loss in epoch 5 iteration 39: -9520.693359375
loss in epoch 5 iteration 40: -8828.8837890625
loss in epoch 5 iteration 41: -8928.3291015625
loss in epoch 5 iteration 42: -9444.9306640625
loss in epoch 5 iteration 43: -9107.0927734375
loss in epoch 5 iteration 44: -7715.919921875
loss in epoch 5 iteration 45: -8501.24609375
loss in epoch 5 iteration 46: -8889.55078125
loss in epoch 5 iteration 47: -7744.7685546875
loss in epoch 6 iteration 0: -8505.18359375
loss in epoch 6 iteration 1: -8561.58203125
loss in epoch 6 iteration 2: -8464.337890625
loss in epoch 6 iteration 3: -9258.05078125
loss in epoch 6 iteration 4: -9013.0146484375
loss in epoch 6 iteration 5: -8704.919921875
loss in epoch 6 iteration 6: -9730.923828125
loss in epoch 6 iteration 7: -8671.03515625
loss in epoch 6 iteration 8: -8494.7958984375
loss in epoch 6 iteration 9: -9105.4833984375
loss in epoch 6 iteration 10: -8589.712890625
loss in epoch 6 iteration 11: -9029.146484375
loss in epoch 6 iteration 12: -8633.5322265625
loss in epoch 6 iteration 13: -9148.9453125
loss in epoch 6 iteration 14: -8948.265625
loss in epoch 6 iteration 15: -8512.267578125
loss in epoch 6 iteration 16: -8700.53515625
loss in epoch 6 iteration 17: -9029.181640625
loss in epoch 6 iteration 18: -9187.9482421875
loss in epoch 6 iteration 19: -9296.7099609375
loss in epoch 6 iteration 20: -9600.927734375
loss in epoch 6 iteration 21: -8330.4326171875
loss in epoch 6 iteration 22: -8880.1767578125
loss in epoch 6 iteration 23: -9818.0498046875
loss in epoch 6 iteration 24: -8757.8740234375
loss in epoch 6 iteration 25: -9660.5576171875
loss in epoch 6 iteration 26: -9728.3935546875
loss in epoch 6 iteration 27: -8548.0986328125
loss in epoch 6 iteration 28: -9171.6396484375
loss in epoch 6 iteration 29: -9414.1376953125
loss in epoch 6 iteration 30: -8472.591796875
loss in epoch 6 iteration 31: -9229.546875
loss in epoch 6 iteration 32: -8640.64453125
loss in epoch 6 iteration 33: -9052.853515625
loss in epoch 6 iteration 34: -8844.3564453125
loss in epoch 6 iteration 35: -9525.833984375
loss in epoch 6 iteration 36: -9373.2236328125
loss in epoch 6 iteration 37: -7998.4130859375
loss in epoch 6 iteration 38: -9049.9716796875
loss in epoch 6 iteration 39: -7727.84716796875
loss in epoch 6 iteration 40: -9309.875
loss in epoch 6 iteration 41: -9059.9912109375
loss in epoch 6 iteration 42: -8866.9873046875
loss in epoch 6 iteration 43: -8038.83740234375
loss in epoch 6 iteration 44: -8687.99609375
loss in epoch 6 iteration 45: -9085.3310546875
loss in epoch 6 iteration 46: -8781.3203125
loss in epoch 6 iteration 47: -8248.6904296875
Evaluating........................................................................................................................epoch:6, time: 2.068902(s), valid (NDCG@10: 0.5730, HR@10: 0.8099), test (NDCG@10: 0.2994, HR@10: 0.7932)
loss in epoch 7 iteration 0: -9053.0185546875
loss in epoch 7 iteration 1: -8877.921875
loss in epoch 7 iteration 2: -9351.091796875
loss in epoch 7 iteration 3: -9783.326171875
loss in epoch 7 iteration 4: -9349.63671875
loss in epoch 7 iteration 5: -8577.318359375
loss in epoch 7 iteration 6: -8445.21484375
loss in epoch 7 iteration 7: -9205.86328125
loss in epoch 7 iteration 8: -8836.96484375
loss in epoch 7 iteration 9: -9559.19921875
loss in epoch 7 iteration 10: -8690.091796875
loss in epoch 7 iteration 11: -9902.4921875
loss in epoch 7 iteration 12: -8957.4677734375
loss in epoch 7 iteration 13: -9204.412109375
loss in epoch 7 iteration 14: -9758.845703125
loss in epoch 7 iteration 15: -7938.6982421875
loss in epoch 7 iteration 16: -9273.48828125
loss in epoch 7 iteration 17: -8658.560546875
loss in epoch 7 iteration 18: -9219.126953125
loss in epoch 7 iteration 19: -9831.240234375
loss in epoch 7 iteration 20: -8894.7119140625
loss in epoch 7 iteration 21: -9608.015625
loss in epoch 7 iteration 22: -9692.5126953125
loss in epoch 7 iteration 23: -9608.8115234375
loss in epoch 7 iteration 24: -8703.96484375
loss in epoch 7 iteration 25: -8555.158203125
loss in epoch 7 iteration 26: -8653.6962890625
loss in epoch 7 iteration 27: -9288.7802734375
loss in epoch 7 iteration 28: -8519.1357421875
loss in epoch 7 iteration 29: -8994.9638671875
loss in epoch 7 iteration 30: -9699.6728515625
loss in epoch 7 iteration 31: -8670.853515625
loss in epoch 7 iteration 32: -8718.783203125
loss in epoch 7 iteration 33: -9721.65234375
loss in epoch 7 iteration 34: -9310.23828125
loss in epoch 7 iteration 35: -9492.134765625
loss in epoch 7 iteration 36: -8718.900390625
loss in epoch 7 iteration 37: -9256.9560546875
loss in epoch 7 iteration 38: -9401.17578125
loss in epoch 7 iteration 39: -8723.037109375
loss in epoch 7 iteration 40: -8434.736328125
loss in epoch 7 iteration 41: -9395.712890625
loss in epoch 7 iteration 42: -9170.296875
loss in epoch 7 iteration 43: -8627.85546875
loss in epoch 7 iteration 44: -9395.2998046875
loss in epoch 7 iteration 45: -9815.4267578125
loss in epoch 7 iteration 46: -9428.3388671875
loss in epoch 7 iteration 47: -8836.6591796875
loss in epoch 8 iteration 0: -8375.9970703125
loss in epoch 8 iteration 1: -9640.623046875
loss in epoch 8 iteration 2: -9157.73828125
loss in epoch 8 iteration 3: -9129.7744140625
loss in epoch 8 iteration 4: -8999.69140625
loss in epoch 8 iteration 5: -8966.818359375
loss in epoch 8 iteration 6: -9097.1357421875
loss in epoch 8 iteration 7: -8540.986328125
loss in epoch 8 iteration 8: -7871.20068359375
loss in epoch 8 iteration 9: -8670.51953125
loss in epoch 8 iteration 10: -9534.875
loss in epoch 8 iteration 11: -9502.224609375
loss in epoch 8 iteration 12: -9779.83203125
loss in epoch 8 iteration 13: -9362.60546875
loss in epoch 8 iteration 14: -8384.685546875
loss in epoch 8 iteration 15: -9275.619140625
loss in epoch 8 iteration 16: -9304.1474609375
loss in epoch 8 iteration 17: -9274.615234375
loss in epoch 8 iteration 18: -9218.3291015625
loss in epoch 8 iteration 19: -8896.087890625
loss in epoch 8 iteration 20: -9230.5146484375
loss in epoch 8 iteration 21: -8518.595703125
loss in epoch 8 iteration 22: -7942.89599609375
loss in epoch 8 iteration 23: -9075.427734375
loss in epoch 8 iteration 24: -8383.451171875
loss in epoch 8 iteration 25: -9472.4423828125
loss in epoch 8 iteration 26: -8588.712890625
loss in epoch 8 iteration 27: -8597.4365234375
loss in epoch 8 iteration 28: -9809.8154296875
loss in epoch 8 iteration 29: -9510.6884765625
loss in epoch 8 iteration 30: -9175.7919921875
loss in epoch 8 iteration 31: -8475.076171875
loss in epoch 8 iteration 32: -8786.001953125
loss in epoch 8 iteration 33: -8681.2431640625
loss in epoch 8 iteration 34: -8363.15625
loss in epoch 8 iteration 35: -8718.1904296875
loss in epoch 8 iteration 36: -9345.615234375
loss in epoch 8 iteration 37: -9392.130859375
loss in epoch 8 iteration 38: -8454.7705078125
loss in epoch 8 iteration 39: -10102.0498046875
loss in epoch 8 iteration 40: -9008.23828125
loss in epoch 8 iteration 41: -8447.4072265625
loss in epoch 8 iteration 42: -8561.8525390625
loss in epoch 8 iteration 43: -9299.640625
loss in epoch 8 iteration 44: -8243.4658203125
loss in epoch 8 iteration 45: -8941.712890625
loss in epoch 8 iteration 46: -8545.4501953125
loss in epoch 8 iteration 47: -7606.86865234375
loss in epoch 9 iteration 0: -8993.28515625
loss in epoch 9 iteration 1: -9201.705078125
loss in epoch 9 iteration 2: -9408.4501953125
loss in epoch 9 iteration 3: -10234.8046875
loss in epoch 9 iteration 4: -8700.9267578125
loss in epoch 9 iteration 5: -8292.33984375
loss in epoch 9 iteration 6: -9376.177734375
loss in epoch 9 iteration 7: -9004.05078125
loss in epoch 9 iteration 8: -9546.41015625
loss in epoch 9 iteration 9: -8747.78515625
loss in epoch 9 iteration 10: -9127.2587890625
loss in epoch 9 iteration 11: -8955.216796875
loss in epoch 9 iteration 12: -8811.3876953125
loss in epoch 9 iteration 13: -8511.23046875
loss in epoch 9 iteration 14: -9508.5791015625
loss in epoch 9 iteration 15: -9417.1875
loss in epoch 9 iteration 16: -9753.19140625
loss in epoch 9 iteration 17: -9476.5224609375
loss in epoch 9 iteration 18: -8188.951171875
loss in epoch 9 iteration 19: -9511.3291015625
loss in epoch 9 iteration 20: -10236.6357421875
loss in epoch 9 iteration 21: -8779.123046875
loss in epoch 9 iteration 22: -9599.4892578125
loss in epoch 9 iteration 23: -9904.33203125
loss in epoch 9 iteration 24: -9211.880859375
loss in epoch 9 iteration 25: -9373.279296875
loss in epoch 9 iteration 26: -9413.2265625
loss in epoch 9 iteration 27: -8605.2666015625
loss in epoch 9 iteration 28: -9257.1806640625
loss in epoch 9 iteration 29: -9071.1572265625
loss in epoch 9 iteration 30: -8643.37890625
loss in epoch 9 iteration 31: -9733.9091796875
loss in epoch 9 iteration 32: -9911.0107421875
loss in epoch 9 iteration 33: -9572.5341796875
loss in epoch 9 iteration 34: -7648.47314453125
loss in epoch 9 iteration 35: -9023.525390625
loss in epoch 9 iteration 36: -8246.3974609375
loss in epoch 9 iteration 37: -9562.1123046875
loss in epoch 9 iteration 38: -8973.451171875
loss in epoch 9 iteration 39: -8807.3310546875
loss in epoch 9 iteration 40: -8234.24609375
loss in epoch 9 iteration 41: -9026.1298828125
loss in epoch 9 iteration 42: -9458.076171875
loss in epoch 9 iteration 43: -8817.1689453125
loss in epoch 9 iteration 44: -8636.388671875
loss in epoch 9 iteration 45: -9205.8095703125
loss in epoch 9 iteration 46: -8981.0224609375
loss in epoch 9 iteration 47: -9069.541015625
Evaluating........................................................................................................................epoch:9, time: 3.020835(s), valid (NDCG@10: 0.5871, HR@10: 0.8171), test (NDCG@10: 0.3102, HR@10: 0.8020)
loss in epoch 10 iteration 0: -9604.986328125
loss in epoch 10 iteration 1: -9168.404296875
loss in epoch 10 iteration 2: -8715.8662109375
loss in epoch 10 iteration 3: -8901.419921875
loss in epoch 10 iteration 4: -9630.677734375
loss in epoch 10 iteration 5: -9477.49609375
loss in epoch 10 iteration 6: -9705.578125
loss in epoch 10 iteration 7: -8917.58984375
loss in epoch 10 iteration 8: -9521.041015625
loss in epoch 10 iteration 9: -9043.365234375
loss in epoch 10 iteration 10: -9157.4736328125
loss in epoch 10 iteration 11: -10068.89453125
loss in epoch 10 iteration 12: -8291.4765625
loss in epoch 10 iteration 13: -9238.529296875
loss in epoch 10 iteration 14: -9118.7255859375
loss in epoch 10 iteration 15: -9258.875
loss in epoch 10 iteration 16: -10382.2275390625
loss in epoch 10 iteration 17: -9216.763671875
loss in epoch 10 iteration 18: -10016.837890625
loss in epoch 10 iteration 19: -9796.2509765625
loss in epoch 10 iteration 20: -9780.9814453125
loss in epoch 10 iteration 21: -8630.8251953125
loss in epoch 10 iteration 22: -8830.3525390625
loss in epoch 10 iteration 23: -8251.013671875
loss in epoch 10 iteration 24: -9070.140625
loss in epoch 10 iteration 25: -8383.6318359375
loss in epoch 10 iteration 26: -9086.3876953125
loss in epoch 10 iteration 27: -10025.2275390625
loss in epoch 10 iteration 28: -9059.4013671875
loss in epoch 10 iteration 29: -9049.1865234375
loss in epoch 10 iteration 30: -9715.1162109375
loss in epoch 10 iteration 31: -9670.935546875
loss in epoch 10 iteration 32: -9687.7646484375
loss in epoch 10 iteration 33: -8876.501953125
loss in epoch 10 iteration 34: -9212.6357421875
loss in epoch 10 iteration 35: -9313.8125
loss in epoch 10 iteration 36: -8777.919921875
loss in epoch 10 iteration 37: -8320.158203125
loss in epoch 10 iteration 38: -9546.3681640625
loss in epoch 10 iteration 39: -9579.138671875
loss in epoch 10 iteration 40: -8877.9912109375
loss in epoch 10 iteration 41: -9652.78515625
loss in epoch 10 iteration 42: -10114.4365234375
loss in epoch 10 iteration 43: -9114.0146484375
loss in epoch 10 iteration 44: -8553.2216796875
loss in epoch 10 iteration 45: -8192.36328125
loss in epoch 10 iteration 46: -10180.966796875
loss in epoch 10 iteration 47: -9739.8857421875
loss in epoch 11 iteration 0: -9003.5419921875
loss in epoch 11 iteration 1: -8987.0185546875
loss in epoch 11 iteration 2: -9147.7470703125
loss in epoch 11 iteration 3: -9518.2431640625
loss in epoch 11 iteration 4: -8863.8125
loss in epoch 11 iteration 5: -8215.703125
loss in epoch 11 iteration 6: -8759.9736328125
loss in epoch 11 iteration 7: -9467.8837890625
loss in epoch 11 iteration 8: -9320.6123046875
loss in epoch 11 iteration 9: -9986.80078125
loss in epoch 11 iteration 10: -9673.3310546875
loss in epoch 11 iteration 11: -8311.599609375
loss in epoch 11 iteration 12: -9533.712890625
loss in epoch 11 iteration 13: -9266.7158203125
loss in epoch 11 iteration 14: -9252.5341796875
loss in epoch 11 iteration 15: -9295.8447265625
loss in epoch 11 iteration 16: -8907.5849609375
loss in epoch 11 iteration 17: -9690.5390625
loss in epoch 11 iteration 18: -8246.5087890625
loss in epoch 11 iteration 19: -8451.1220703125
loss in epoch 11 iteration 20: -9194.5478515625
loss in epoch 11 iteration 21: -9124.21484375
loss in epoch 11 iteration 22: -9228.51953125
loss in epoch 11 iteration 23: -8548.2255859375
loss in epoch 11 iteration 24: -8572.4345703125
loss in epoch 11 iteration 25: -9719.7646484375
loss in epoch 11 iteration 26: -9771.28515625
loss in epoch 11 iteration 27: -9108.1591796875
loss in epoch 11 iteration 28: -9167.2451171875
loss in epoch 11 iteration 29: -8824.451171875
loss in epoch 11 iteration 30: -8930.224609375
loss in epoch 11 iteration 31: -8132.33349609375
loss in epoch 11 iteration 32: -9010.4423828125
loss in epoch 11 iteration 33: -9453.5830078125
loss in epoch 11 iteration 34: -9334.1640625
loss in epoch 11 iteration 35: -8130.734375
loss in epoch 11 iteration 36: -9926.048828125
loss in epoch 11 iteration 37: -8717.2314453125
loss in epoch 11 iteration 38: -8750.76171875
loss in epoch 11 iteration 39: -8826.306640625
loss in epoch 11 iteration 40: -9651.8251953125
loss in epoch 11 iteration 41: -8126.25830078125
loss in epoch 11 iteration 42: -8852.1337890625
loss in epoch 11 iteration 43: -8821.1640625
loss in epoch 11 iteration 44: -7988.4013671875
loss in epoch 11 iteration 45: -9105.78515625
loss in epoch 11 iteration 46: -9354.9794921875
loss in epoch 11 iteration 47: -9401.9814453125
loss in epoch 12 iteration 0: -10238.501953125
loss in epoch 12 iteration 1: -8905.166015625
loss in epoch 12 iteration 2: -8437.34765625
loss in epoch 12 iteration 3: -9817.494140625
loss in epoch 12 iteration 4: -8973.26953125
loss in epoch 12 iteration 5: -9632.84765625
loss in epoch 12 iteration 6: -8856.943359375
loss in epoch 12 iteration 7: -9171.166015625
loss in epoch 12 iteration 8: -8942.4765625
loss in epoch 12 iteration 9: -8862.09375
loss in epoch 12 iteration 10: -8884.1865234375
loss in epoch 12 iteration 11: -9673.052734375
loss in epoch 12 iteration 12: -9533.4287109375
loss in epoch 12 iteration 13: -9427.3291015625
loss in epoch 12 iteration 14: -9384.5029296875
loss in epoch 12 iteration 15: -8251.326171875
loss in epoch 12 iteration 16: -9902.6611328125
loss in epoch 12 iteration 17: -10155.236328125
loss in epoch 12 iteration 18: -8773.9970703125
loss in epoch 12 iteration 19: -9633.4306640625
loss in epoch 12 iteration 20: -10267.5751953125
loss in epoch 12 iteration 21: -9461.9931640625
loss in epoch 12 iteration 22: -9030.849609375
loss in epoch 12 iteration 23: -9032.203125
loss in epoch 12 iteration 24: -8448.1923828125
loss in epoch 12 iteration 25: -9580.69140625
loss in epoch 12 iteration 26: -9441.537109375
loss in epoch 12 iteration 27: -9001.458984375
loss in epoch 12 iteration 28: -10183.890625
loss in epoch 12 iteration 29: -10238.677734375
loss in epoch 12 iteration 30: -9509.5166015625
loss in epoch 12 iteration 31: -7811.80078125
loss in epoch 12 iteration 32: -9296.5498046875
loss in epoch 12 iteration 33: -8659.14453125
loss in epoch 12 iteration 34: -9116.5927734375
loss in epoch 12 iteration 35: -9130.560546875
loss in epoch 12 iteration 36: -8700.939453125
loss in epoch 12 iteration 37: -8519.55078125
loss in epoch 12 iteration 38: -8729.345703125
loss in epoch 12 iteration 39: -9580.3896484375
loss in epoch 12 iteration 40: -8959.7578125
loss in epoch 12 iteration 41: -9089.501953125
loss in epoch 12 iteration 42: -9224.96875
loss in epoch 12 iteration 43: -8678.6708984375
loss in epoch 12 iteration 44: -9057.296875
loss in epoch 12 iteration 45: -9400.609375
loss in epoch 12 iteration 46: -9726.4541015625
loss in epoch 12 iteration 47: -9048.30078125
Evaluating........................................................................................................................epoch:12, time: 3.975673(s), valid (NDCG@10: 0.5932, HR@10: 0.8159), test (NDCG@10: 0.3159, HR@10: 0.8065)
loss in epoch 13 iteration 0: -8916.6005859375
loss in epoch 13 iteration 1: -9949.8173828125
loss in epoch 13 iteration 2: -9090.44921875
loss in epoch 13 iteration 3: -9861.4267578125
loss in epoch 13 iteration 4: -8936.4306640625
loss in epoch 13 iteration 5: -9876.4599609375
loss in epoch 13 iteration 6: -9370.1533203125
loss in epoch 13 iteration 7: -9083.8095703125
loss in epoch 13 iteration 8: -9872.28515625
loss in epoch 13 iteration 9: -8546.30078125
loss in epoch 13 iteration 10: -9348.9814453125
loss in epoch 13 iteration 11: -9439.724609375
loss in epoch 13 iteration 12: -8944.318359375
loss in epoch 13 iteration 13: -9991.8134765625
loss in epoch 13 iteration 14: -8984.8232421875
loss in epoch 13 iteration 15: -10131.267578125
loss in epoch 13 iteration 16: -10132.0458984375
loss in epoch 13 iteration 17: -9789.8896484375
loss in epoch 13 iteration 18: -9504.6923828125
loss in epoch 13 iteration 19: -9231.3134765625
loss in epoch 13 iteration 20: -8816.53125
loss in epoch 13 iteration 21: -8601.6669921875
loss in epoch 13 iteration 22: -8330.6630859375
loss in epoch 13 iteration 23: -9030.7822265625
loss in epoch 13 iteration 24: -10123.7998046875
loss in epoch 13 iteration 25: -9040.9599609375
loss in epoch 13 iteration 26: -9273.908203125
loss in epoch 13 iteration 27: -9623.0908203125
loss in epoch 13 iteration 28: -9433.50390625
loss in epoch 13 iteration 29: -9533.111328125
loss in epoch 13 iteration 30: -9276.8388671875
loss in epoch 13 iteration 31: -9385.248046875
loss in epoch 13 iteration 32: -9645.822265625
loss in epoch 13 iteration 33: -8358.078125
loss in epoch 13 iteration 34: -8957.521484375
loss in epoch 13 iteration 35: -9671.0458984375
loss in epoch 13 iteration 36: -9812.2958984375
loss in epoch 13 iteration 37: -8948.6044921875
loss in epoch 13 iteration 38: -9423.09765625
loss in epoch 13 iteration 39: -10328.3232421875
loss in epoch 13 iteration 40: -8845.8505859375
loss in epoch 13 iteration 41: -9008.9580078125
loss in epoch 13 iteration 42: -8278.6416015625
loss in epoch 13 iteration 43: -10156.8037109375
loss in epoch 13 iteration 44: -9894.37109375
loss in epoch 13 iteration 45: -9026.19140625
loss in epoch 13 iteration 46: -9660.630859375
loss in epoch 13 iteration 47: -9321.8916015625
loss in epoch 14 iteration 0: -9565.05859375
loss in epoch 14 iteration 1: -8570.2666015625
loss in epoch 14 iteration 2: -7868.42041015625
loss in epoch 14 iteration 3: -9152.5927734375
loss in epoch 14 iteration 4: -8934.32421875
loss in epoch 14 iteration 5: -9393.6806640625
loss in epoch 14 iteration 6: -9332.2421875
loss in epoch 14 iteration 7: -10175.3076171875
loss in epoch 14 iteration 8: -8319.974609375
loss in epoch 14 iteration 9: -9849.734375
loss in epoch 14 iteration 10: -9705.6962890625
loss in epoch 14 iteration 11: -9315.9658203125
loss in epoch 14 iteration 12: -9657.6552734375
loss in epoch 14 iteration 13: -8495.1748046875
loss in epoch 14 iteration 14: -9807.630859375
loss in epoch 14 iteration 15: -8587.1884765625
loss in epoch 14 iteration 16: -8462.4658203125
loss in epoch 14 iteration 17: -9131.9150390625
loss in epoch 14 iteration 18: -9040.064453125
loss in epoch 14 iteration 19: -9564.4267578125
loss in epoch 14 iteration 20: -8774.1416015625
loss in epoch 14 iteration 21: -8429.46875
loss in epoch 14 iteration 22: -9510.4140625
loss in epoch 14 iteration 23: -9649.2373046875
loss in epoch 14 iteration 24: -8715.28515625
loss in epoch 14 iteration 25: -9788.6669921875
loss in epoch 14 iteration 26: -9345.8828125
loss in epoch 14 iteration 27: -9357.5341796875
loss in epoch 14 iteration 28: -8193.9814453125
loss in epoch 14 iteration 29: -8724.5791015625
loss in epoch 14 iteration 30: -9674.515625
loss in epoch 14 iteration 31: -9197.087890625
loss in epoch 14 iteration 32: -8538.7158203125
loss in epoch 14 iteration 33: -9678.8681640625
loss in epoch 14 iteration 34: -9307.1865234375
loss in epoch 14 iteration 35: -8737.73828125
loss in epoch 14 iteration 36: -9215.5341796875
loss in epoch 14 iteration 37: -9369.2392578125
loss in epoch 14 iteration 38: -8356.2919921875
loss in epoch 14 iteration 39: -9139.6845703125
loss in epoch 14 iteration 40: -9087.2412109375
loss in epoch 14 iteration 41: -7619.7041015625
loss in epoch 14 iteration 42: -8602.5107421875
loss in epoch 14 iteration 43: -9231.3076171875
loss in epoch 14 iteration 44: -9381.0927734375
loss in epoch 14 iteration 45: -10323.345703125
loss in epoch 14 iteration 46: -9199.33203125
loss in epoch 14 iteration 47: -9029.169921875
loss in epoch 15 iteration 0: -10469.177734375
loss in epoch 15 iteration 1: -8936.2587890625
loss in epoch 15 iteration 2: -9353.9755859375
loss in epoch 15 iteration 3: -8835.732421875
loss in epoch 15 iteration 4: -9333.6884765625
loss in epoch 15 iteration 5: -9247.408203125
loss in epoch 15 iteration 6: -8628.7421875
loss in epoch 15 iteration 7: -8479.4375
loss in epoch 15 iteration 8: -9474.7177734375
loss in epoch 15 iteration 9: -9226.3388671875
loss in epoch 15 iteration 10: -9759.1767578125
loss in epoch 15 iteration 11: -9088.2158203125
loss in epoch 15 iteration 12: -8937.703125
loss in epoch 15 iteration 13: -9670.28125
loss in epoch 15 iteration 14: -10650.26953125
loss in epoch 15 iteration 15: -8964.361328125
loss in epoch 15 iteration 16: -9531.3974609375
loss in epoch 15 iteration 17: -10078.2041015625
loss in epoch 15 iteration 18: -9253.4169921875
loss in epoch 15 iteration 19: -9228.5029296875
loss in epoch 15 iteration 20: -9447.4951171875
loss in epoch 15 iteration 21: -8425.6708984375
loss in epoch 15 iteration 22: -9775.046875
loss in epoch 15 iteration 23: -9569.611328125
loss in epoch 15 iteration 24: -9410.7607421875
loss in epoch 15 iteration 25: -10153.416015625
loss in epoch 15 iteration 26: -10042.0263671875
loss in epoch 15 iteration 27: -9197.5166015625
loss in epoch 15 iteration 28: -8223.2265625
loss in epoch 15 iteration 29: -9256.5732421875
loss in epoch 15 iteration 30: -9455.3662109375
loss in epoch 15 iteration 31: -8839.6904296875
loss in epoch 15 iteration 32: -9500.650390625
loss in epoch 15 iteration 33: -8013.70849609375
loss in epoch 15 iteration 34: -8968.5263671875
loss in epoch 15 iteration 35: -8931.0859375
loss in epoch 15 iteration 36: -9375.71484375
loss in epoch 15 iteration 37: -8628.9375
loss in epoch 15 iteration 38: -9147.724609375
loss in epoch 15 iteration 39: -9462.708984375
loss in epoch 15 iteration 40: -8957.494140625
loss in epoch 15 iteration 41: -8627.115234375
loss in epoch 15 iteration 42: -9626.5166015625
loss in epoch 15 iteration 43: -9554.6259765625
loss in epoch 15 iteration 44: -9257.7109375
loss in epoch 15 iteration 45: -9214.73828125
loss in epoch 15 iteration 46: -10501.900390625
loss in epoch 15 iteration 47: -9360.3896484375
Evaluating........................................................................................................................epoch:15, time: 4.930420(s), valid (NDCG@10: 0.5950, HR@10: 0.8222), test (NDCG@10: 0.3171, HR@10: 0.8091)
loss in epoch 16 iteration 0: -9883.58203125
loss in epoch 16 iteration 1: -8739.068359375
loss in epoch 16 iteration 2: -9631.9677734375
loss in epoch 16 iteration 3: -9469.4814453125
loss in epoch 16 iteration 4: -9149.1826171875
loss in epoch 16 iteration 5: -9469.4482421875
loss in epoch 16 iteration 6: -8429.330078125
loss in epoch 16 iteration 7: -9500.685546875
loss in epoch 16 iteration 8: -10279.2607421875
loss in epoch 16 iteration 9: -8811.8544921875
loss in epoch 16 iteration 10: -9753.482421875
loss in epoch 16 iteration 11: -8895.712890625
loss in epoch 16 iteration 12: -10245.7490234375
loss in epoch 16 iteration 13: -10064.0498046875
loss in epoch 16 iteration 14: -9976.619140625
loss in epoch 16 iteration 15: -9162.298828125
loss in epoch 16 iteration 16: -9747.0439453125
loss in epoch 16 iteration 17: -8837.349609375
loss in epoch 16 iteration 18: -9153.8134765625
loss in epoch 16 iteration 19: -8627.4619140625
loss in epoch 16 iteration 20: -9336.5703125
loss in epoch 16 iteration 21: -10383.5908203125
loss in epoch 16 iteration 22: -8620.33984375
loss in epoch 16 iteration 23: -8910.2646484375
loss in epoch 16 iteration 24: -9323.8779296875
loss in epoch 16 iteration 25: -9680.0390625
loss in epoch 16 iteration 26: -9441.2900390625
loss in epoch 16 iteration 27: -9962.2880859375
loss in epoch 16 iteration 28: -9311.3681640625
loss in epoch 16 iteration 29: -10013.5927734375
loss in epoch 16 iteration 30: -8062.51171875
loss in epoch 16 iteration 31: -9098.2001953125
loss in epoch 16 iteration 32: -9264.55078125
loss in epoch 16 iteration 33: -9598.57421875
loss in epoch 16 iteration 34: -8707.0009765625
loss in epoch 16 iteration 35: -9627.427734375
loss in epoch 16 iteration 36: -10199.966796875
loss in epoch 16 iteration 37: -9182.884765625
loss in epoch 16 iteration 38: -9155.5302734375
loss in epoch 16 iteration 39: -8839.771484375
loss in epoch 16 iteration 40: -9885.7626953125
loss in epoch 16 iteration 41: -9777.31640625
loss in epoch 16 iteration 42: -9137.7265625
loss in epoch 16 iteration 43: -9827.8916015625
loss in epoch 16 iteration 44: -9483.9482421875
loss in epoch 16 iteration 45: -9019.9228515625
loss in epoch 16 iteration 46: -8909.3037109375
loss in epoch 16 iteration 47: -8050.46630859375
loss in epoch 17 iteration 0: -9601.302734375
loss in epoch 17 iteration 1: -8612.310546875
loss in epoch 17 iteration 2: -9092.423828125
loss in epoch 17 iteration 3: -9149.865234375
loss in epoch 17 iteration 4: -10402.2998046875
loss in epoch 17 iteration 5: -8993.71875
loss in epoch 17 iteration 6: -9814.9716796875
loss in epoch 17 iteration 7: -9589.9638671875
loss in epoch 17 iteration 8: -8998.560546875
loss in epoch 17 iteration 9: -10046.8525390625
loss in epoch 17 iteration 10: -8749.7021484375
loss in epoch 17 iteration 11: -9811.880859375
loss in epoch 17 iteration 12: -8665.09375
loss in epoch 17 iteration 13: -8694.2861328125
loss in epoch 17 iteration 14: -9365.55078125
loss in epoch 17 iteration 15: -9122.365234375
loss in epoch 17 iteration 16: -9654.986328125
loss in epoch 17 iteration 17: -8644.5634765625
loss in epoch 17 iteration 18: -8325.759765625
loss in epoch 17 iteration 19: -9010.4775390625
loss in epoch 17 iteration 20: -9511.0107421875
loss in epoch 17 iteration 21: -8331.697265625
loss in epoch 17 iteration 22: -10191.2509765625
loss in epoch 17 iteration 23: -9271.9111328125
loss in epoch 17 iteration 24: -9937.9716796875
loss in epoch 17 iteration 25: -8407.2294921875
loss in epoch 17 iteration 26: -9300.49609375
loss in epoch 17 iteration 27: -9362.53125
loss in epoch 17 iteration 28: -9034.6083984375
loss in epoch 17 iteration 29: -8201.4462890625
loss in epoch 17 iteration 30: -10071.728515625
loss in epoch 17 iteration 31: -9261.1103515625
loss in epoch 17 iteration 32: -9550.0576171875
loss in epoch 17 iteration 33: -9019.998046875
loss in epoch 17 iteration 34: -9251.685546875
loss in epoch 17 iteration 35: -7917.20361328125
loss in epoch 17 iteration 36: -9272.3359375
loss in epoch 17 iteration 37: -9522.8125
loss in epoch 17 iteration 38: -7863.66357421875
loss in epoch 17 iteration 39: -8665.0859375
loss in epoch 17 iteration 40: -9143.83203125
loss in epoch 17 iteration 41: -9288.1298828125
loss in epoch 17 iteration 42: -10266.259765625
loss in epoch 17 iteration 43: -9218.291015625
loss in epoch 17 iteration 44: -8806.630859375
loss in epoch 17 iteration 45: -10191.5537109375
loss in epoch 17 iteration 46: -9125.009765625
loss in epoch 17 iteration 47: -9343.0419921875
loss in epoch 18 iteration 0: -9267.57421875
loss in epoch 18 iteration 1: -8978.9306640625
loss in epoch 18 iteration 2: -9588.505859375
loss in epoch 18 iteration 3: -8848.380859375
loss in epoch 18 iteration 4: -8908.1142578125
loss in epoch 18 iteration 5: -9622.81640625
loss in epoch 18 iteration 6: -9036.5625
loss in epoch 18 iteration 7: -9670.8251953125
loss in epoch 18 iteration 8: -9063.826171875
loss in epoch 18 iteration 9: -9259.93359375
loss in epoch 18 iteration 10: -9756.1015625
loss in epoch 18 iteration 11: -10050.6396484375
loss in epoch 18 iteration 12: -9061.1884765625
loss in epoch 18 iteration 13: -9158.5947265625
loss in epoch 18 iteration 14: -10626.568359375
loss in epoch 18 iteration 15: -9018.8759765625
loss in epoch 18 iteration 16: -9943.98046875
loss in epoch 18 iteration 17: -9651.017578125
loss in epoch 18 iteration 18: -8806.255859375
loss in epoch 18 iteration 19: -9522.3701171875
loss in epoch 18 iteration 20: -9683.0234375
loss in epoch 18 iteration 21: -9138.421875
loss in epoch 18 iteration 22: -10035.1591796875
loss in epoch 18 iteration 23: -9310.5869140625
loss in epoch 18 iteration 24: -9354.3125
loss in epoch 18 iteration 25: -8508.107421875
loss in epoch 18 iteration 26: -9939.318359375
loss in epoch 18 iteration 27: -9430.6806640625
loss in epoch 18 iteration 28: -8439.6201171875
loss in epoch 18 iteration 29: -8834.619140625
loss in epoch 18 iteration 30: -8205.6611328125
loss in epoch 18 iteration 31: -9478.7275390625
loss in epoch 18 iteration 32: -9559.6787109375
loss in epoch 18 iteration 33: -9554.8916015625
loss in epoch 18 iteration 34: -8715.173828125
loss in epoch 18 iteration 35: -8891.1875
loss in epoch 18 iteration 36: -9071.51953125
loss in epoch 18 iteration 37: -9107.962890625
loss in epoch 18 iteration 38: -9092.0390625
loss in epoch 18 iteration 39: -9663.4990234375
loss in epoch 18 iteration 40: -9333.47265625
loss in epoch 18 iteration 41: -8727.4814453125
loss in epoch 18 iteration 42: -9693.3681640625
loss in epoch 18 iteration 43: -10156.0546875
loss in epoch 18 iteration 44: -9471.5751953125
loss in epoch 18 iteration 45: -9534.5126953125
loss in epoch 18 iteration 46: -8917.4453125
loss in epoch 18 iteration 47: -9789.6337890625
Evaluating........................................................................................................................epoch:18, time: 5.887872(s), valid (NDCG@10: 0.6000, HR@10: 0.8212), test (NDCG@10: 0.3192, HR@10: 0.8149)
loss in epoch 19 iteration 0: -9526.408203125
loss in epoch 19 iteration 1: -8969.3115234375
loss in epoch 19 iteration 2: -9927.0068359375
loss in epoch 19 iteration 3: -8951.33203125
loss in epoch 19 iteration 4: -10189.7255859375
loss in epoch 19 iteration 5: -9945.560546875
loss in epoch 19 iteration 6: -8269.7587890625
loss in epoch 19 iteration 7: -9387.890625
loss in epoch 19 iteration 8: -8733.154296875
loss in epoch 19 iteration 9: -10362.3955078125
loss in epoch 19 iteration 10: -10243.73828125
loss in epoch 19 iteration 11: -10108.7646484375
loss in epoch 19 iteration 12: -8973.8779296875
loss in epoch 19 iteration 13: -10247.66015625
loss in epoch 19 iteration 14: -9076.5009765625
loss in epoch 19 iteration 15: -9125.7822265625
loss in epoch 19 iteration 16: -8318.666015625
loss in epoch 19 iteration 17: -9312.7666015625
loss in epoch 19 iteration 18: -10386.6787109375
loss in epoch 19 iteration 19: -8737.818359375
loss in epoch 19 iteration 20: -9063.7626953125
loss in epoch 19 iteration 21: -9586.603515625
loss in epoch 19 iteration 22: -9037.212890625
loss in epoch 19 iteration 23: -9377.91015625
loss in epoch 19 iteration 24: -10330.95703125
loss in epoch 19 iteration 25: -9895.365234375
loss in epoch 19 iteration 26: -9525.4716796875
loss in epoch 19 iteration 27: -8227.388671875
loss in epoch 19 iteration 28: -9242.2939453125
loss in epoch 19 iteration 29: -9777.1083984375
loss in epoch 19 iteration 30: -9195.85546875
loss in epoch 19 iteration 31: -8607.9189453125
loss in epoch 19 iteration 32: -9733.607421875
loss in epoch 19 iteration 33: -10094.54296875
loss in epoch 19 iteration 34: -9192.029296875
loss in epoch 19 iteration 35: -9336.8212890625
loss in epoch 19 iteration 36: -9618.2138671875
loss in epoch 19 iteration 37: -9899.322265625
loss in epoch 19 iteration 38: -9712.1826171875
loss in epoch 19 iteration 39: -8712.310546875
loss in epoch 19 iteration 40: -9954.9990234375
loss in epoch 19 iteration 41: -9209.8359375
loss in epoch 19 iteration 42: -8940.13671875
loss in epoch 19 iteration 43: -8728.009765625
loss in epoch 19 iteration 44: -8695.32421875
loss in epoch 19 iteration 45: -9658.013671875
loss in epoch 19 iteration 46: -8910.48828125
loss in epoch 19 iteration 47: -8668.6513671875
loss in epoch 20 iteration 0: -9345.2548828125
loss in epoch 20 iteration 1: -10291.5595703125
loss in epoch 20 iteration 2: -9290.82421875
loss in epoch 20 iteration 3: -9664.677734375
loss in epoch 20 iteration 4: -9574.4580078125
loss in epoch 20 iteration 5: -9093.396484375
loss in epoch 20 iteration 6: -9949.8154296875
loss in epoch 20 iteration 7: -8979.1455078125
loss in epoch 20 iteration 8: -9569.6806640625
loss in epoch 20 iteration 9: -8770.384765625
loss in epoch 20 iteration 10: -8944.7744140625
loss in epoch 20 iteration 11: -9300.470703125
loss in epoch 20 iteration 12: -9085.53125
loss in epoch 20 iteration 13: -8985.8525390625
loss in epoch 20 iteration 14: -9188.017578125
loss in epoch 20 iteration 15: -8950.841796875
loss in epoch 20 iteration 16: -9300.6572265625
loss in epoch 20 iteration 17: -9109.3271484375
loss in epoch 20 iteration 18: -8305.6640625
loss in epoch 20 iteration 19: -10554.810546875
loss in epoch 20 iteration 20: -9797.421875
loss in epoch 20 iteration 21: -9762.06640625
loss in epoch 20 iteration 22: -8368.23046875
loss in epoch 20 iteration 23: -9135.671875
loss in epoch 20 iteration 24: -9005.779296875
loss in epoch 20 iteration 25: -8865.001953125
loss in epoch 20 iteration 26: -8345.3125
loss in epoch 20 iteration 27: -10021.3681640625
loss in epoch 20 iteration 28: -9375.53125
loss in epoch 20 iteration 29: -9545.048828125
loss in epoch 20 iteration 30: -9730.0029296875
loss in epoch 20 iteration 31: -9603.029296875
loss in epoch 20 iteration 32: -7955.64111328125
loss in epoch 20 iteration 33: -9014.94921875
loss in epoch 20 iteration 34: -9094.470703125
loss in epoch 20 iteration 35: -8002.6279296875
loss in epoch 20 iteration 36: -8893.0771484375
loss in epoch 20 iteration 37: -8933.2705078125
loss in epoch 20 iteration 38: -9175.171875
loss in epoch 20 iteration 39: -9726.8974609375
loss in epoch 20 iteration 40: -9696.9638671875
loss in epoch 20 iteration 41: -8893.6689453125
loss in epoch 20 iteration 42: -10334.6884765625
loss in epoch 20 iteration 43: -8923.396484375
loss in epoch 20 iteration 44: -9041.5107421875
loss in epoch 20 iteration 45: -9422.7900390625
loss in epoch 20 iteration 46: -9085.4404296875
loss in epoch 20 iteration 47: -9601.8271484375
loss in epoch 21 iteration 0: -9103.2587890625
loss in epoch 21 iteration 1: -9358.064453125
loss in epoch 21 iteration 2: -9421.3115234375
loss in epoch 21 iteration 3: -8768.6748046875
loss in epoch 21 iteration 4: -9221.7890625
loss in epoch 21 iteration 5: -9217.3330078125
loss in epoch 21 iteration 6: -9843.31640625
loss in epoch 21 iteration 7: -9925.83984375
loss in epoch 21 iteration 8: -10172.83984375
loss in epoch 21 iteration 9: -8788.53515625
loss in epoch 21 iteration 10: -9139.9072265625
loss in epoch 21 iteration 11: -10522.482421875
loss in epoch 21 iteration 12: -9065.388671875
loss in epoch 21 iteration 13: -10383.84765625
loss in epoch 21 iteration 14: -9756.943359375
loss in epoch 21 iteration 15: -8813.240234375
loss in epoch 21 iteration 16: -9571.7412109375
loss in epoch 21 iteration 17: -10121.7646484375
loss in epoch 21 iteration 18: -8857.1630859375
loss in epoch 21 iteration 19: -9634.630859375
loss in epoch 21 iteration 20: -8986.9814453125
loss in epoch 21 iteration 21: -9620.158203125
loss in epoch 21 iteration 22: -9082.6123046875
loss in epoch 21 iteration 23: -9757.3251953125
loss in epoch 21 iteration 24: -9494.7880859375
loss in epoch 21 iteration 25: -8164.90625
loss in epoch 21 iteration 26: -9376.38671875
loss in epoch 21 iteration 27: -8210.5087890625
loss in epoch 21 iteration 28: -9770.2275390625
loss in epoch 21 iteration 29: -9526.7529296875
loss in epoch 21 iteration 30: -9297.119140625
loss in epoch 21 iteration 31: -8387.5234375
loss in epoch 21 iteration 32: -9129.6396484375
loss in epoch 21 iteration 33: -9588.61328125
loss in epoch 21 iteration 34: -9039.744140625
loss in epoch 21 iteration 35: -8668.4619140625
loss in epoch 21 iteration 36: -9089.826171875
loss in epoch 21 iteration 37: -9281.6416015625
loss in epoch 21 iteration 38: -9398.865234375
loss in epoch 21 iteration 39: -10452.4365234375
loss in epoch 21 iteration 40: -9923.7041015625
loss in epoch 21 iteration 41: -8900.6728515625
loss in epoch 21 iteration 42: -8820.5048828125
loss in epoch 21 iteration 43: -9393.3359375
loss in epoch 21 iteration 44: -9546.1591796875
loss in epoch 21 iteration 45: -10183.3115234375
loss in epoch 21 iteration 46: -9073.5107421875
loss in epoch 21 iteration 47: -10288.2685546875
Evaluating........................................................................................................................epoch:21, time: 6.840855(s), valid (NDCG@10: 0.5967, HR@10: 0.8205), test (NDCG@10: 0.3235, HR@10: 0.8132)
loss in epoch 22 iteration 0: -9001.111328125
loss in epoch 22 iteration 1: -9782.8564453125
loss in epoch 22 iteration 2: -10166.744140625
loss in epoch 22 iteration 3: -8095.3642578125
loss in epoch 22 iteration 4: -9643.87109375
loss in epoch 22 iteration 5: -8791.9619140625
loss in epoch 22 iteration 6: -9690.0048828125
loss in epoch 22 iteration 7: -10067.3056640625
loss in epoch 22 iteration 8: -9706.728515625
loss in epoch 22 iteration 9: -10074.267578125
loss in epoch 22 iteration 10: -10298.072265625
loss in epoch 22 iteration 11: -9489.8701171875
loss in epoch 22 iteration 12: -8983.3271484375
loss in epoch 22 iteration 13: -8527.078125
loss in epoch 22 iteration 14: -9187.6201171875
loss in epoch 22 iteration 15: -9745.2421875
loss in epoch 22 iteration 16: -8864.0517578125
loss in epoch 22 iteration 17: -9278.478515625
loss in epoch 22 iteration 18: -9903.353515625
loss in epoch 22 iteration 19: -8846.0126953125
loss in epoch 22 iteration 20: -9173.724609375
loss in epoch 22 iteration 21: -10168.17578125
loss in epoch 22 iteration 22: -9946.01171875
loss in epoch 22 iteration 23: -9661.302734375
loss in epoch 22 iteration 24: -9017.09375
loss in epoch 22 iteration 25: -9629.1630859375
loss in epoch 22 iteration 26: -10043.296875
loss in epoch 22 iteration 27: -9047.4033203125
loss in epoch 22 iteration 28: -8682.505859375
loss in epoch 22 iteration 29: -9319.6982421875
loss in epoch 22 iteration 30: -9568.681640625
loss in epoch 22 iteration 31: -8754.767578125
loss in epoch 22 iteration 32: -9607.9755859375
loss in epoch 22 iteration 33: -10083.6162109375
loss in epoch 22 iteration 34: -9866.13671875
loss in epoch 22 iteration 35: -9270.607421875
loss in epoch 22 iteration 36: -8679.9072265625
loss in epoch 22 iteration 37: -10305.6015625
loss in epoch 22 iteration 38: -9737.8974609375
loss in epoch 22 iteration 39: -9265.142578125
loss in epoch 22 iteration 40: -8878.6318359375
loss in epoch 22 iteration 41: -9069.46875
loss in epoch 22 iteration 42: -9599.9228515625
loss in epoch 22 iteration 43: -8827.37109375
loss in epoch 22 iteration 44: -7971.7041015625
loss in epoch 22 iteration 45: -8764.591796875
loss in epoch 22 iteration 46: -9966.6455078125
loss in epoch 22 iteration 47: -9751.74609375
loss in epoch 23 iteration 0: -10067.2236328125
loss in epoch 23 iteration 1: -10002.4775390625
loss in epoch 23 iteration 2: -8824.2529296875
loss in epoch 23 iteration 3: -9857.48046875
loss in epoch 23 iteration 4: -9177.2099609375
loss in epoch 23 iteration 5: -9836.2578125
loss in epoch 23 iteration 6: -9284.46875
loss in epoch 23 iteration 7: -9062.4931640625
loss in epoch 23 iteration 8: -9092.9541015625
loss in epoch 23 iteration 9: -8876.306640625
loss in epoch 23 iteration 10: -8470.2099609375
loss in epoch 23 iteration 11: -9333.6484375
loss in epoch 23 iteration 12: -8620.794921875
loss in epoch 23 iteration 13: -9634.3984375
loss in epoch 23 iteration 14: -8912.9638671875
loss in epoch 23 iteration 15: -8739.6767578125
loss in epoch 23 iteration 16: -10173.88671875
loss in epoch 23 iteration 17: -10056.974609375
loss in epoch 23 iteration 18: -9625.5458984375
loss in epoch 23 iteration 19: -8736.671875
loss in epoch 23 iteration 20: -9065.419921875
loss in epoch 23 iteration 21: -9061.5673828125
loss in epoch 23 iteration 22: -8695.828125
loss in epoch 23 iteration 23: -9032.1103515625
loss in epoch 23 iteration 24: -9826.0283203125
loss in epoch 23 iteration 25: -9526.6240234375
loss in epoch 23 iteration 26: -8685.994140625
loss in epoch 23 iteration 27: -10009.5205078125
loss in epoch 23 iteration 28: -9342.1201171875
loss in epoch 23 iteration 29: -8421.1015625
loss in epoch 23 iteration 30: -8903.9775390625
loss in epoch 23 iteration 31: -9717.951171875
loss in epoch 23 iteration 32: -8331.1396484375
loss in epoch 23 iteration 33: -9372.8466796875
loss in epoch 23 iteration 34: -8696.2548828125
loss in epoch 23 iteration 35: -8357.333984375
loss in epoch 23 iteration 36: -9107.46484375
loss in epoch 23 iteration 37: -9614.91015625
loss in epoch 23 iteration 38: -9466.39453125
loss in epoch 23 iteration 39: -10561.900390625
loss in epoch 23 iteration 40: -8930.173828125
loss in epoch 23 iteration 41: -8878.8935546875
loss in epoch 23 iteration 42: -9491.7119140625
loss in epoch 23 iteration 43: -9274.6005859375
loss in epoch 23 iteration 44: -9703.302734375
loss in epoch 23 iteration 45: -9001.037109375
loss in epoch 23 iteration 46: -9348.5146484375
loss in epoch 23 iteration 47: -9360.1640625
loss in epoch 24 iteration 0: -9376.669921875
loss in epoch 24 iteration 1: -8847.154296875
loss in epoch 24 iteration 2: -9582.33984375
loss in epoch 24 iteration 3: -9643.029296875
loss in epoch 24 iteration 4: -10030.2451171875
loss in epoch 24 iteration 5: -9902.1572265625
loss in epoch 24 iteration 6: -8355.5986328125
loss in epoch 24 iteration 7: -9564.7060546875
loss in epoch 24 iteration 8: -10481.5244140625
loss in epoch 24 iteration 9: -9201.021484375
loss in epoch 24 iteration 10: -10066.9404296875
loss in epoch 24 iteration 11: -10064.8046875
loss in epoch 24 iteration 12: -9226.9775390625
loss in epoch 24 iteration 13: -9490.291015625
loss in epoch 24 iteration 14: -9664.1259765625
loss in epoch 24 iteration 15: -8869.3076171875
loss in epoch 24 iteration 16: -9539.220703125
loss in epoch 24 iteration 17: -9442.658203125
loss in epoch 24 iteration 18: -9169.70703125
loss in epoch 24 iteration 19: -9733.7880859375
loss in epoch 24 iteration 20: -9987.3505859375
loss in epoch 24 iteration 21: -9886.7734375
loss in epoch 24 iteration 22: -8140.13623046875
loss in epoch 24 iteration 23: -9360.5634765625
loss in epoch 24 iteration 24: -8138.65576171875
loss in epoch 24 iteration 25: -9557.7783203125
loss in epoch 24 iteration 26: -9432.3466796875
loss in epoch 24 iteration 27: -9052.486328125
loss in epoch 24 iteration 28: -8787.65625
loss in epoch 24 iteration 29: -8961.087890625
loss in epoch 24 iteration 30: -9737.2216796875
loss in epoch 24 iteration 31: -8844.2607421875
loss in epoch 24 iteration 32: -8747.1513671875
loss in epoch 24 iteration 33: -9445.96875
loss in epoch 24 iteration 34: -9200.9560546875
loss in epoch 24 iteration 35: -9656.5322265625
loss in epoch 24 iteration 36: -9853.9892578125
loss in epoch 24 iteration 37: -9642.7900390625
loss in epoch 24 iteration 38: -9000.5537109375
loss in epoch 24 iteration 39: -9095.068359375
loss in epoch 24 iteration 40: -9693.158203125
loss in epoch 24 iteration 41: -9441.0048828125
loss in epoch 24 iteration 42: -9975.4365234375
loss in epoch 24 iteration 43: -9171.7919921875
loss in epoch 24 iteration 44: -10022.833984375
loss in epoch 24 iteration 45: -9525.2802734375
loss in epoch 24 iteration 46: -9525.3447265625
loss in epoch 24 iteration 47: -10353.26953125
Evaluating........................................................................................................................epoch:24, time: 7.792649(s), valid (NDCG@10: 0.6056, HR@10: 0.8298), test (NDCG@10: 0.3236, HR@10: 0.8137)
loss in epoch 25 iteration 0: -8307.8212890625
loss in epoch 25 iteration 1: -9410.0654296875
loss in epoch 25 iteration 2: -9301.361328125
loss in epoch 25 iteration 3: -9482.6318359375
loss in epoch 25 iteration 4: -10639.2119140625
loss in epoch 25 iteration 5: -9180.7880859375
loss in epoch 25 iteration 6: -9956.990234375
loss in epoch 25 iteration 7: -10010.4853515625
loss in epoch 25 iteration 8: -9915.85546875
loss in epoch 25 iteration 9: -9134.529296875
loss in epoch 25 iteration 10: -9016.3359375
loss in epoch 25 iteration 11: -8748.6044921875
loss in epoch 25 iteration 12: -9572.6845703125
loss in epoch 25 iteration 13: -8558.2646484375
loss in epoch 25 iteration 14: -9404.205078125
loss in epoch 25 iteration 15: -9945.71484375
loss in epoch 25 iteration 16: -9202.0390625
loss in epoch 25 iteration 17: -8933.296875
loss in epoch 25 iteration 18: -10061.2568359375
loss in epoch 25 iteration 19: -9831.1826171875
loss in epoch 25 iteration 20: -9892.033203125
loss in epoch 25 iteration 21: -9117.8837890625
loss in epoch 25 iteration 22: -9335.2373046875
loss in epoch 25 iteration 23: -9784.7177734375
loss in epoch 25 iteration 24: -8926.1845703125
loss in epoch 25 iteration 25: -8877.4677734375
loss in epoch 25 iteration 26: -9874.90234375
loss in epoch 25 iteration 27: -9518.083984375
loss in epoch 25 iteration 28: -9011.91796875
loss in epoch 25 iteration 29: -9504.1806640625
loss in epoch 25 iteration 30: -10494.677734375
loss in epoch 25 iteration 31: -9828.6982421875
loss in epoch 25 iteration 32: -10396.716796875
loss in epoch 25 iteration 33: -8606.23828125
loss in epoch 25 iteration 34: -8820.2724609375
loss in epoch 25 iteration 35: -9099.982421875
loss in epoch 25 iteration 36: -9014.107421875
loss in epoch 25 iteration 37: -9854.98046875
loss in epoch 25 iteration 38: -9084.8876953125
loss in epoch 25 iteration 39: -9722.302734375
loss in epoch 25 iteration 40: -9524.4423828125
loss in epoch 25 iteration 41: -9778.9365234375
loss in epoch 25 iteration 42: -9191.9765625
loss in epoch 25 iteration 43: -8065.8974609375
loss in epoch 25 iteration 44: -9601.3974609375
loss in epoch 25 iteration 45: -10133.5419921875
loss in epoch 25 iteration 46: -9552.4541015625
loss in epoch 25 iteration 47: -9536.060546875
loss in epoch 26 iteration 0: -9700.7197265625
loss in epoch 26 iteration 1: -8751.7568359375
loss in epoch 26 iteration 2: -9213.2744140625
loss in epoch 26 iteration 3: -9131.3505859375
loss in epoch 26 iteration 4: -9432.765625
loss in epoch 26 iteration 5: -8492.455078125
loss in epoch 26 iteration 6: -8571.3193359375
loss in epoch 26 iteration 7: -9553.513671875
loss in epoch 26 iteration 8: -9582.7470703125
loss in epoch 26 iteration 9: -9194.7197265625
loss in epoch 26 iteration 10: -9440.1630859375
loss in epoch 26 iteration 11: -9701.486328125
loss in epoch 26 iteration 12: -8900.814453125
loss in epoch 26 iteration 13: -8700.5537109375
loss in epoch 26 iteration 14: -9673.9462890625
loss in epoch 26 iteration 15: -9286.9287109375
loss in epoch 26 iteration 16: -10106.96875
loss in epoch 26 iteration 17: -8034.81005859375
loss in epoch 26 iteration 18: -9158.2041015625
loss in epoch 26 iteration 19: -8960.1083984375
loss in epoch 26 iteration 20: -9854.5458984375
loss in epoch 26 iteration 21: -9548.09765625
loss in epoch 26 iteration 22: -9182.7841796875
loss in epoch 26 iteration 23: -8737.0703125
loss in epoch 26 iteration 24: -10456.9833984375
loss in epoch 26 iteration 25: -8412.8583984375
loss in epoch 26 iteration 26: -9928.203125
loss in epoch 26 iteration 27: -8874.11328125
loss in epoch 26 iteration 28: -8954.17578125
loss in epoch 26 iteration 29: -8910.87890625
loss in epoch 26 iteration 30: -9121.431640625
loss in epoch 26 iteration 31: -8118.064453125
loss in epoch 26 iteration 32: -9827.5712890625
loss in epoch 26 iteration 33: -9245.421875
loss in epoch 26 iteration 34: -8164.87158203125
loss in epoch 26 iteration 35: -8864.732421875
loss in epoch 26 iteration 36: -10389.98046875
loss in epoch 26 iteration 37: -9645.0947265625
loss in epoch 26 iteration 38: -9318.90625
loss in epoch 26 iteration 39: -10174.9599609375
loss in epoch 26 iteration 40: -8725.4150390625
loss in epoch 26 iteration 41: -9203.8720703125
loss in epoch 26 iteration 42: -8686.0673828125
loss in epoch 26 iteration 43: -9804.458984375
loss in epoch 26 iteration 44: -8955.1787109375
loss in epoch 26 iteration 45: -9066.7568359375
loss in epoch 26 iteration 46: -9041.60546875
loss in epoch 26 iteration 47: -9808.162109375
loss in epoch 27 iteration 0: -9652.1748046875
loss in epoch 27 iteration 1: -9940.7216796875
loss in epoch 27 iteration 2: -10089.990234375
loss in epoch 27 iteration 3: -8452.1982421875
loss in epoch 27 iteration 4: -9526.8466796875
loss in epoch 27 iteration 5: -9654.5205078125
loss in epoch 27 iteration 6: -8842.8134765625
loss in epoch 27 iteration 7: -10487.2041015625
loss in epoch 27 iteration 8: -9321.8154296875
loss in epoch 27 iteration 9: -9761.49609375
loss in epoch 27 iteration 10: -10345.13671875
loss in epoch 27 iteration 11: -10028.783203125
loss in epoch 27 iteration 12: -8795.0517578125
loss in epoch 27 iteration 13: -9483.4892578125
loss in epoch 27 iteration 14: -10106.994140625
loss in epoch 27 iteration 15: -9154.4072265625
loss in epoch 27 iteration 16: -9541.681640625
loss in epoch 27 iteration 17: -7840.00439453125
loss in epoch 27 iteration 18: -9686.45703125
loss in epoch 27 iteration 19: -10038.9560546875
loss in epoch 27 iteration 20: -9284.96484375
loss in epoch 27 iteration 21: -8716.896484375
loss in epoch 27 iteration 22: -9667.63671875
loss in epoch 27 iteration 23: -8768.3359375
loss in epoch 27 iteration 24: -8726.99609375
loss in epoch 27 iteration 25: -9183.9990234375
loss in epoch 27 iteration 26: -9012.0791015625
loss in epoch 27 iteration 27: -9814.7958984375
loss in epoch 27 iteration 28: -9042.75
loss in epoch 27 iteration 29: -8926.4296875
loss in epoch 27 iteration 30: -9500.275390625
loss in epoch 27 iteration 31: -9067.6533203125
loss in epoch 27 iteration 32: -9762.7431640625
loss in epoch 27 iteration 33: -9830.015625
loss in epoch 27 iteration 34: -9440.3623046875
loss in epoch 27 iteration 35: -10528.7275390625
loss in epoch 27 iteration 36: -8721.8359375
loss in epoch 27 iteration 37: -9096.84765625
loss in epoch 27 iteration 38: -8737.9609375
loss in epoch 27 iteration 39: -10310.525390625
loss in epoch 27 iteration 40: -9351.470703125
loss in epoch 27 iteration 41: -9498.591796875
loss in epoch 27 iteration 42: -9487.693359375
loss in epoch 27 iteration 43: -9969.61328125
loss in epoch 27 iteration 44: -9382.896484375
loss in epoch 27 iteration 45: -8623.7822265625
loss in epoch 27 iteration 46: -10232.6982421875
loss in epoch 27 iteration 47: -10430.927734375
Evaluating........................................................................................................................epoch:27, time: 8.756031(s), valid (NDCG@10: 0.6056, HR@10: 0.8265), test (NDCG@10: 0.3248, HR@10: 0.8187)
loss in epoch 28 iteration 0: -9259.490234375
loss in epoch 28 iteration 1: -9582.7236328125
loss in epoch 28 iteration 2: -10169.5107421875
loss in epoch 28 iteration 3: -10167.19140625
loss in epoch 28 iteration 4: -9145.6728515625
loss in epoch 28 iteration 5: -10066.2666015625
loss in epoch 28 iteration 6: -9407.181640625
loss in epoch 28 iteration 7: -9226.1953125
loss in epoch 28 iteration 8: -8781.798828125
loss in epoch 28 iteration 9: -9184.73046875
loss in epoch 28 iteration 10: -8640.783203125
loss in epoch 28 iteration 11: -9320.966796875
loss in epoch 28 iteration 12: -10059.9052734375
loss in epoch 28 iteration 13: -8971.283203125
loss in epoch 28 iteration 14: -9191.2685546875
loss in epoch 28 iteration 15: -10023.4677734375
loss in epoch 28 iteration 16: -10023.3994140625
loss in epoch 28 iteration 17: -9610.5029296875
loss in epoch 28 iteration 18: -9100.1259765625
loss in epoch 28 iteration 19: -9212.921875
loss in epoch 28 iteration 20: -9897.4814453125
loss in epoch 28 iteration 21: -8710.28515625
loss in epoch 28 iteration 22: -8962.580078125
loss in epoch 28 iteration 23: -9697.654296875
loss in epoch 28 iteration 24: -10136.546875
loss in epoch 28 iteration 25: -9147.8818359375
loss in epoch 28 iteration 26: -9809.341796875
loss in epoch 28 iteration 27: -10354.7099609375
loss in epoch 28 iteration 28: -9151.677734375
loss in epoch 28 iteration 29: -8949.5517578125
loss in epoch 28 iteration 30: -8417.390625
loss in epoch 28 iteration 31: -10483.9013671875
loss in epoch 28 iteration 32: -10250.6396484375
loss in epoch 28 iteration 33: -9237.2138671875
loss in epoch 28 iteration 34: -9353.1728515625
loss in epoch 28 iteration 35: -9371.0634765625
loss in epoch 28 iteration 36: -9591.203125
loss in epoch 28 iteration 37: -9044.5458984375
loss in epoch 28 iteration 38: -8168.94921875
loss in epoch 28 iteration 39: -9200.517578125
loss in epoch 28 iteration 40: -9214.79296875
loss in epoch 28 iteration 41: -9357.544921875
loss in epoch 28 iteration 42: -9662.4609375
loss in epoch 28 iteration 43: -10056.0341796875
loss in epoch 28 iteration 44: -8527.4658203125
loss in epoch 28 iteration 45: -9922.783203125
loss in epoch 28 iteration 46: -9753.7822265625
loss in epoch 28 iteration 47: -9501.146484375
loss in epoch 29 iteration 0: -9961.0419921875
loss in epoch 29 iteration 1: -8779.6181640625
loss in epoch 29 iteration 2: -9731.3857421875
loss in epoch 29 iteration 3: -8515.9951171875
loss in epoch 29 iteration 4: -8641.203125
loss in epoch 29 iteration 5: -9673.3974609375
loss in epoch 29 iteration 6: -9107.072265625
loss in epoch 29 iteration 7: -9529.2216796875
loss in epoch 29 iteration 8: -8746.1748046875
loss in epoch 29 iteration 9: -8628.8935546875
loss in epoch 29 iteration 10: -9885.39453125
loss in epoch 29 iteration 11: -9707.009765625
loss in epoch 29 iteration 12: -9120.27734375
loss in epoch 29 iteration 13: -9776.03515625
loss in epoch 29 iteration 14: -9374.1484375
loss in epoch 29 iteration 15: -9327.443359375
loss in epoch 29 iteration 16: -8304.8388671875
loss in epoch 29 iteration 17: -8906.880859375
loss in epoch 29 iteration 18: -9644.255859375
loss in epoch 29 iteration 19: -9317.541015625
loss in epoch 29 iteration 20: -8599.935546875
loss in epoch 29 iteration 21: -10083.5654296875
loss in epoch 29 iteration 22: -9391.427734375
loss in epoch 29 iteration 23: -8873.0966796875
loss in epoch 29 iteration 24: -9066.6884765625
loss in epoch 29 iteration 25: -9597.130859375
loss in epoch 29 iteration 26: -8496.4580078125
loss in epoch 29 iteration 27: -9171.6005859375
loss in epoch 29 iteration 28: -9060.85546875
loss in epoch 29 iteration 29: -7916.5517578125
loss in epoch 29 iteration 30: -9181.9306640625
loss in epoch 29 iteration 31: -9677.5859375
loss in epoch 29 iteration 32: -9465.9580078125
loss in epoch 29 iteration 33: -10182.673828125
loss in epoch 29 iteration 34: -9254.9345703125
loss in epoch 29 iteration 35: -8906.3154296875
loss in epoch 29 iteration 36: -10689.123046875
loss in epoch 29 iteration 37: -9087.9013671875
loss in epoch 29 iteration 38: -9571.95703125
loss in epoch 29 iteration 39: -8979.283203125
loss in epoch 29 iteration 40: -9452.44921875
loss in epoch 29 iteration 41: -9488.8232421875
loss in epoch 29 iteration 42: -8571.021484375
loss in epoch 29 iteration 43: -8474.2138671875
loss in epoch 29 iteration 44: -9457.8037109375
loss in epoch 29 iteration 45: -9655.05078125
loss in epoch 29 iteration 46: -10034.8798828125
loss in epoch 29 iteration 47: -9590.208984375
loss in epoch 30 iteration 0: -8863.40625
loss in epoch 30 iteration 1: -9826.3828125
loss in epoch 30 iteration 2: -10556.9052734375
loss in epoch 30 iteration 3: -9172.78125
loss in epoch 30 iteration 4: -9643.0068359375
loss in epoch 30 iteration 5: -10139.8427734375
loss in epoch 30 iteration 6: -9396.1953125
loss in epoch 30 iteration 7: -9475.9267578125
loss in epoch 30 iteration 8: -9844.341796875
loss in epoch 30 iteration 9: -8591.373046875
loss in epoch 30 iteration 10: -9857.376953125
loss in epoch 30 iteration 11: -9347.9375
loss in epoch 30 iteration 12: -9281.8955078125
loss in epoch 30 iteration 13: -10519.958984375
loss in epoch 30 iteration 14: -10287.7216796875
loss in epoch 30 iteration 15: -9586.3056640625
loss in epoch 30 iteration 16: -7891.91357421875
loss in epoch 30 iteration 17: -9479.0380859375
loss in epoch 30 iteration 18: -9324.466796875
loss in epoch 30 iteration 19: -9228.58984375
loss in epoch 30 iteration 20: -9395.771484375
loss in epoch 30 iteration 21: -8562.6982421875
loss in epoch 30 iteration 22: -8723.3525390625
loss in epoch 30 iteration 23: -9309.9931640625
loss in epoch 30 iteration 24: -9292.376953125
loss in epoch 30 iteration 25: -9162.1787109375
loss in epoch 30 iteration 26: -9188.0185546875
loss in epoch 30 iteration 27: -9437.1845703125
loss in epoch 30 iteration 28: -8902.599609375
loss in epoch 30 iteration 29: -8947.533203125
loss in epoch 30 iteration 30: -9913.9970703125
loss in epoch 30 iteration 31: -9478.7685546875
loss in epoch 30 iteration 32: -9100.2490234375
loss in epoch 30 iteration 33: -9202.6943359375
loss in epoch 30 iteration 34: -10722.169921875
loss in epoch 30 iteration 35: -9536.66796875
loss in epoch 30 iteration 36: -10016.330078125
loss in epoch 30 iteration 37: -8974.494140625
loss in epoch 30 iteration 38: -9868.5263671875
loss in epoch 30 iteration 39: -9373.9091796875
loss in epoch 30 iteration 40: -9003.451171875
loss in epoch 30 iteration 41: -9644.6494140625
loss in epoch 30 iteration 42: -8652.9462890625
loss in epoch 30 iteration 43: -9881.7314453125
loss in epoch 30 iteration 44: -10247.4541015625
loss in epoch 30 iteration 45: -9045.7958984375
loss in epoch 30 iteration 46: -9877.2412109375
loss in epoch 30 iteration 47: -9219.361328125
Evaluating........................................................................................................................epoch:30, time: 9.685364(s), valid (NDCG@10: 0.6078, HR@10: 0.8310), test (NDCG@10: 0.3259, HR@10: 0.8162)
loss in epoch 31 iteration 0: -10496.6435546875
loss in epoch 31 iteration 1: -10445.86328125
loss in epoch 31 iteration 2: -9953.2314453125
loss in epoch 31 iteration 3: -9398.357421875
loss in epoch 31 iteration 4: -9428.685546875
loss in epoch 31 iteration 5: -8926.2734375
loss in epoch 31 iteration 6: -9055.482421875
loss in epoch 31 iteration 7: -8651.123046875
loss in epoch 31 iteration 8: -9080.2080078125
loss in epoch 31 iteration 9: -10409.076171875
loss in epoch 31 iteration 10: -8956.359375
loss in epoch 31 iteration 11: -9334.423828125
loss in epoch 31 iteration 12: -9635.2255859375
loss in epoch 31 iteration 13: -9747.4248046875
loss in epoch 31 iteration 14: -9635.611328125
loss in epoch 31 iteration 15: -10102.4033203125
loss in epoch 31 iteration 16: -9763.8046875
loss in epoch 31 iteration 17: -10251.1904296875
loss in epoch 31 iteration 18: -8023.32080078125
loss in epoch 31 iteration 19: -8950.5185546875
loss in epoch 31 iteration 20: -9445.294921875
loss in epoch 31 iteration 21: -9873.5390625
loss in epoch 31 iteration 22: -9043.197265625
loss in epoch 31 iteration 23: -9502.5390625
loss in epoch 31 iteration 24: -10382.541015625
loss in epoch 31 iteration 25: -9009.0634765625
loss in epoch 31 iteration 26: -9431.4228515625
loss in epoch 31 iteration 27: -8733.9873046875
loss in epoch 31 iteration 28: -10242.537109375
loss in epoch 31 iteration 29: -9971.3623046875
loss in epoch 31 iteration 30: -9189.7607421875
loss in epoch 31 iteration 31: -9963.64453125
loss in epoch 31 iteration 32: -9626.5048828125
loss in epoch 31 iteration 33: -9322.396484375
loss in epoch 31 iteration 34: -8838.5654296875
loss in epoch 31 iteration 35: -8265.75390625
loss in epoch 31 iteration 36: -9708.94140625
loss in epoch 31 iteration 37: -8967.6220703125
loss in epoch 31 iteration 38: -9169.2734375
loss in epoch 31 iteration 39: -9218.37109375
loss in epoch 31 iteration 40: -10211.1943359375
loss in epoch 31 iteration 41: -8827.51171875
loss in epoch 31 iteration 42: -10070.6318359375
loss in epoch 31 iteration 43: -10034.94140625
loss in epoch 31 iteration 44: -9037.0703125
loss in epoch 31 iteration 45: -10054.06640625
loss in epoch 31 iteration 46: -8497.5595703125
loss in epoch 31 iteration 47: -10022.38671875
loss in epoch 32 iteration 0: -8789.81640625
loss in epoch 32 iteration 1: -8958.0087890625
loss in epoch 32 iteration 2: -9557.2763671875
loss in epoch 32 iteration 3: -9002.2939453125
loss in epoch 32 iteration 4: -9479.068359375
loss in epoch 32 iteration 5: -8524.9970703125
loss in epoch 32 iteration 6: -8676.529296875
loss in epoch 32 iteration 7: -9465.7060546875
loss in epoch 32 iteration 8: -9732.25390625
loss in epoch 32 iteration 9: -8314.314453125
loss in epoch 32 iteration 10: -10322.7021484375
loss in epoch 32 iteration 11: -9548.017578125
loss in epoch 32 iteration 12: -10014.240234375
loss in epoch 32 iteration 13: -8274.8583984375
loss in epoch 32 iteration 14: -9184.67578125
loss in epoch 32 iteration 15: -9500.9208984375
loss in epoch 32 iteration 16: -9260.58203125
loss in epoch 32 iteration 17: -8350.4345703125
loss in epoch 32 iteration 18: -10091.01171875
loss in epoch 32 iteration 19: -9520.107421875
loss in epoch 32 iteration 20: -9295.0869140625
loss in epoch 32 iteration 21: -9349.1640625
loss in epoch 32 iteration 22: -9368.322265625
loss in epoch 32 iteration 23: -8286.9560546875
loss in epoch 32 iteration 24: -9199.7626953125
loss in epoch 32 iteration 25: -9519.9765625
loss in epoch 32 iteration 26: -7952.81787109375
loss in epoch 32 iteration 27: -8806.638671875
loss in epoch 32 iteration 28: -8999.0810546875
loss in epoch 32 iteration 29: -9511.080078125
loss in epoch 32 iteration 30: -10367.0986328125
loss in epoch 32 iteration 31: -9499.1376953125
loss in epoch 32 iteration 32: -8752.904296875
loss in epoch 32 iteration 33: -10509.66796875
loss in epoch 32 iteration 34: -9334.990234375
loss in epoch 32 iteration 35: -9706.408203125
loss in epoch 32 iteration 36: -9285.095703125
loss in epoch 32 iteration 37: -8926.5771484375
loss in epoch 32 iteration 38: -9597.248046875
loss in epoch 32 iteration 39: -8810.3779296875
loss in epoch 32 iteration 40: -8900.755859375
loss in epoch 32 iteration 41: -9504.9326171875
loss in epoch 32 iteration 42: -9341.0380859375
loss in epoch 32 iteration 43: -9903.2216796875
loss in epoch 32 iteration 44: -9270.6171875
loss in epoch 32 iteration 45: -9121.3203125
loss in epoch 32 iteration 46: -10041.97265625
loss in epoch 32 iteration 47: -10420.7333984375
loss in epoch 33 iteration 0: -9149.2021484375
loss in epoch 33 iteration 1: -9420.1337890625
loss in epoch 33 iteration 2: -10632.4501953125
loss in epoch 33 iteration 3: -9192.994140625
loss in epoch 33 iteration 4: -9534.6865234375
loss in epoch 33 iteration 5: -9600.4794921875
loss in epoch 33 iteration 6: -8802.1904296875
loss in epoch 33 iteration 7: -10094.84375
loss in epoch 33 iteration 8: -9823.5673828125
loss in epoch 33 iteration 9: -9526.3896484375
loss in epoch 33 iteration 10: -9802.4267578125
loss in epoch 33 iteration 11: -9629.5224609375
loss in epoch 33 iteration 12: -9252.60546875
loss in epoch 33 iteration 13: -8562.763671875
loss in epoch 33 iteration 14: -9773.2314453125
loss in epoch 33 iteration 15: -9407.6826171875
loss in epoch 33 iteration 16: -8886.9658203125
loss in epoch 33 iteration 17: -9270.10546875
loss in epoch 33 iteration 18: -8416.427734375
loss in epoch 33 iteration 19: -9387.7880859375
loss in epoch 33 iteration 20: -9550.4755859375
loss in epoch 33 iteration 21: -9617.7958984375
loss in epoch 33 iteration 22: -8777.974609375
loss in epoch 33 iteration 23: -8892.46875
loss in epoch 33 iteration 24: -9365.0419921875
loss in epoch 33 iteration 25: -9113.857421875
loss in epoch 33 iteration 26: -8992.0595703125
loss in epoch 33 iteration 27: -9655.212890625
loss in epoch 33 iteration 28: -9593.7783203125
loss in epoch 33 iteration 29: -9055.212890625
loss in epoch 33 iteration 30: -9612.244140625
loss in epoch 33 iteration 31: -10449.37109375
loss in epoch 33 iteration 32: -9546.8154296875
loss in epoch 33 iteration 33: -9949.796875
loss in epoch 33 iteration 34: -8758.1162109375
loss in epoch 33 iteration 35: -9885.61328125
loss in epoch 33 iteration 36: -9546.3974609375
loss in epoch 33 iteration 37: -9294.8427734375
loss in epoch 33 iteration 38: -10027.5966796875
loss in epoch 33 iteration 39: -8925.1474609375
loss in epoch 33 iteration 40: -10099.2236328125
loss in epoch 33 iteration 41: -9972.7080078125
loss in epoch 33 iteration 42: -8617.4072265625
loss in epoch 33 iteration 43: -9579.435546875
loss in epoch 33 iteration 44: -9019.1279296875
loss in epoch 33 iteration 45: -10266.703125
loss in epoch 33 iteration 46: -10155.8994140625
loss in epoch 33 iteration 47: -10038.1337890625
Evaluating........................................................................................................................epoch:33, time: 10.597946(s), valid (NDCG@10: 0.6053, HR@10: 0.8283), test (NDCG@10: 0.3240, HR@10: 0.8139)
loss in epoch 34 iteration 0: -9145.3544921875
loss in epoch 34 iteration 1: -10219.986328125
loss in epoch 34 iteration 2: -9017.7041015625
loss in epoch 34 iteration 3: -9154.193359375
loss in epoch 34 iteration 4: -8335.1611328125
loss in epoch 34 iteration 5: -9642.4169921875
loss in epoch 34 iteration 6: -10630.177734375
loss in epoch 34 iteration 7: -8987.6845703125
loss in epoch 34 iteration 8: -8986.3203125
loss in epoch 34 iteration 9: -9579.1572265625
loss in epoch 34 iteration 10: -9395.2060546875
loss in epoch 34 iteration 11: -9647.63671875
loss in epoch 34 iteration 12: -10264.3232421875
loss in epoch 34 iteration 13: -9803.400390625
loss in epoch 34 iteration 14: -9599.6640625
loss in epoch 34 iteration 15: -9799.2333984375
loss in epoch 34 iteration 16: -9282.482421875
loss in epoch 34 iteration 17: -8309.7265625
loss in epoch 34 iteration 18: -9852.0009765625
loss in epoch 34 iteration 19: -8858.6787109375
loss in epoch 34 iteration 20: -9331.31640625
loss in epoch 34 iteration 21: -9415.572265625
loss in epoch 34 iteration 22: -9341.708984375
loss in epoch 34 iteration 23: -10452.2177734375
loss in epoch 34 iteration 24: -9743.4619140625
loss in epoch 34 iteration 25: -9659.3798828125
loss in epoch 34 iteration 26: -9237.330078125
loss in epoch 34 iteration 27: -9462.0361328125
loss in epoch 34 iteration 28: -10252.796875
loss in epoch 34 iteration 29: -9034.962890625
loss in epoch 34 iteration 30: -8630.537109375
loss in epoch 34 iteration 31: -8857.17578125
loss in epoch 34 iteration 32: -9020.5634765625
loss in epoch 34 iteration 33: -8826.3857421875
loss in epoch 34 iteration 34: -8785.2060546875
loss in epoch 34 iteration 35: -9917.923828125
loss in epoch 34 iteration 36: -9341.4423828125
loss in epoch 34 iteration 37: -10667.861328125
loss in epoch 34 iteration 38: -9385.3876953125
loss in epoch 34 iteration 39: -9002.52734375
loss in epoch 34 iteration 40: -9505.29296875
loss in epoch 34 iteration 41: -9438.8447265625
loss in epoch 34 iteration 42: -9896.6318359375
loss in epoch 34 iteration 43: -8976.48046875
loss in epoch 34 iteration 44: -10535.19921875
loss in epoch 34 iteration 45: -9324.1513671875
loss in epoch 34 iteration 46: -8880.9501953125
loss in epoch 34 iteration 47: -8515.8125
loss in epoch 35 iteration 0: -9207.978515625
loss in epoch 35 iteration 1: -9207.2998046875
loss in epoch 35 iteration 2: -9377.9775390625
loss in epoch 35 iteration 3: -9334.9013671875
loss in epoch 35 iteration 4: -9450.7861328125
loss in epoch 35 iteration 5: -8765.328125
loss in epoch 35 iteration 6: -9740.0322265625
loss in epoch 35 iteration 7: -10654.205078125
loss in epoch 35 iteration 8: -8161.03955078125
loss in epoch 35 iteration 9: -9192.0986328125
loss in epoch 35 iteration 10: -8198.4306640625
loss in epoch 35 iteration 11: -10144.6630859375
loss in epoch 35 iteration 12: -8397.306640625
loss in epoch 35 iteration 13: -9133.78125
loss in epoch 35 iteration 14: -9157.5
loss in epoch 35 iteration 15: -9715.41015625
loss in epoch 35 iteration 16: -9759.8271484375
loss in epoch 35 iteration 17: -10209.9990234375
loss in epoch 35 iteration 18: -8024.42236328125
loss in epoch 35 iteration 19: -9327.013671875
loss in epoch 35 iteration 20: -9475.5166015625
loss in epoch 35 iteration 21: -8043.4716796875
loss in epoch 35 iteration 22: -9279.357421875
loss in epoch 35 iteration 23: -9163.1826171875
loss in epoch 35 iteration 24: -9447.6591796875
loss in epoch 35 iteration 25: -9228.8701171875
loss in epoch 35 iteration 26: -9004.0009765625
loss in epoch 35 iteration 27: -8618.443359375
loss in epoch 35 iteration 28: -9584.5595703125
loss in epoch 35 iteration 29: -10061.533203125
loss in epoch 35 iteration 30: -9175.6982421875
loss in epoch 35 iteration 31: -8957.8662109375
loss in epoch 35 iteration 32: -10293.4296875
loss in epoch 35 iteration 33: -9862.7783203125
loss in epoch 35 iteration 34: -9074.423828125
loss in epoch 35 iteration 35: -9604.068359375
loss in epoch 35 iteration 36: -9520.2822265625
loss in epoch 35 iteration 37: -9606.7490234375
loss in epoch 35 iteration 38: -9141.6259765625
loss in epoch 35 iteration 39: -9265.0830078125
loss in epoch 35 iteration 40: -9184.7998046875
loss in epoch 35 iteration 41: -8725.107421875
loss in epoch 35 iteration 42: -10147.6083984375
loss in epoch 35 iteration 43: -10051.74609375
loss in epoch 35 iteration 44: -9956.7568359375
loss in epoch 35 iteration 45: -10884.3212890625
loss in epoch 35 iteration 46: -9258.0380859375
loss in epoch 35 iteration 47: -8697.2646484375
loss in epoch 36 iteration 0: -9794.1513671875
loss in epoch 36 iteration 1: -10313.6474609375
loss in epoch 36 iteration 2: -9179.2080078125
loss in epoch 36 iteration 3: -10183.63671875
loss in epoch 36 iteration 4: -9757.3427734375
loss in epoch 36 iteration 5: -8857.3369140625
loss in epoch 36 iteration 6: -9264.857421875
loss in epoch 36 iteration 7: -9758.794921875
loss in epoch 36 iteration 8: -9330.763671875
loss in epoch 36 iteration 9: -9676.630859375
loss in epoch 36 iteration 10: -8993.7353515625
loss in epoch 36 iteration 11: -9511.658203125
loss in epoch 36 iteration 12: -9271.30859375
loss in epoch 36 iteration 13: -8318.12890625
loss in epoch 36 iteration 14: -9611.5341796875
loss in epoch 36 iteration 15: -9819.9296875
loss in epoch 36 iteration 16: -9732.9775390625
loss in epoch 36 iteration 17: -8186.81103515625
loss in epoch 36 iteration 18: -9013.099609375
loss in epoch 36 iteration 19: -8422.59765625
loss in epoch 36 iteration 20: -9514.3720703125
loss in epoch 36 iteration 21: -8902.5576171875
loss in epoch 36 iteration 22: -9449.166015625
loss in epoch 36 iteration 23: -9483.0712890625
loss in epoch 36 iteration 24: -9306.091796875
loss in epoch 36 iteration 25: -9234.900390625
loss in epoch 36 iteration 26: -9229.4541015625
loss in epoch 36 iteration 27: -9084.04296875
loss in epoch 36 iteration 28: -10049.6240234375
loss in epoch 36 iteration 29: -10613.1806640625
loss in epoch 36 iteration 30: -9860.544921875
loss in epoch 36 iteration 31: -9539.8515625
loss in epoch 36 iteration 32: -9058.154296875
loss in epoch 36 iteration 33: -10001.2998046875
loss in epoch 36 iteration 34: -8884.5126953125
loss in epoch 36 iteration 35: -10144.978515625
loss in epoch 36 iteration 36: -10217.94140625
loss in epoch 36 iteration 37: -10073.5986328125
loss in epoch 36 iteration 38: -8843.412109375
loss in epoch 36 iteration 39: -8963.880859375
loss in epoch 36 iteration 40: -9672.611328125
loss in epoch 36 iteration 41: -8445.611328125
loss in epoch 36 iteration 42: -9919.0146484375
loss in epoch 36 iteration 43: -10232.916015625
loss in epoch 36 iteration 44: -9810.8505859375
loss in epoch 36 iteration 45: -9620.0
loss in epoch 36 iteration 46: -10350.4091796875
loss in epoch 36 iteration 47: -9799.5849609375
Evaluating.....................................................................................................................