average sequence length: 163.50
loss in epoch 1 iteration 0: 2.5076515674591064
loss in epoch 1 iteration 1: 80.32022094726562
loss in epoch 1 iteration 2: -3.6317825317382812
loss in epoch 1 iteration 3: -39.0412483215332
loss in epoch 1 iteration 4: -167.0100860595703
loss in epoch 1 iteration 5: -832.0443725585938
loss in epoch 2 iteration 0: -3491.1865234375
loss in epoch 2 iteration 1: -11815.96875
loss in epoch 2 iteration 2: -34312.0078125
loss in epoch 2 iteration 3: -93580.609375
loss in epoch 2 iteration 4: -248541.515625
loss in epoch 2 iteration 5: -612389.25
loss in epoch 3 iteration 0: -1426560.25
loss in epoch 3 iteration 1: -3065085.75
loss in epoch 3 iteration 2: -6357821.5
loss in epoch 3 iteration 3: -12204078.0
loss in epoch 3 iteration 4: -22996428.0
loss in epoch 3 iteration 5: -40172656.0
loss in epoch 4 iteration 0: -68862552.0
loss in epoch 4 iteration 1: -116854448.0
loss in epoch 4 iteration 2: -187638432.0
loss in epoch 4 iteration 3: -296500928.0
loss in epoch 4 iteration 4: -477197440.0
loss in epoch 4 iteration 5: -737041600.0
loss in epoch 5 iteration 0: -1125748480.0
loss in epoch 5 iteration 1: -1672311680.0
loss in epoch 5 iteration 2: -2538180096.0
loss in epoch 5 iteration 3: -3714348544.0
loss in epoch 5 iteration 4: -5536175104.0
loss in epoch 5 iteration 5: -7736890368.0
loss in epoch 6 iteration 0: -11035792384.0
loss in epoch 6 iteration 1: -15663036416.0
loss in epoch 6 iteration 2: -21725251584.0
loss in epoch 6 iteration 3: -29677115392.0
loss in epoch 6 iteration 4: -41720799232.0
loss in epoch 6 iteration 5: -56872693760.0
loss in epoch 7 iteration 0: -75848065024.0
loss in epoch 7 iteration 1: -103292305408.0
loss in epoch 7 iteration 2: -142260404224.0
loss in epoch 7 iteration 3: -185847513088.0
loss in epoch 7 iteration 4: -244202782720.0
loss in epoch 7 iteration 5: -319779373056.0
loss in epoch 8 iteration 0: -427834507264.0
loss in epoch 8 iteration 1: -556847071232.0
loss in epoch 8 iteration 2: -735346622464.0
loss in epoch 8 iteration 3: -919467196416.0
loss in epoch 8 iteration 4: -1215821119488.0
loss in epoch 8 iteration 5: -1558616080384.0
loss in epoch 9 iteration 0: -1947932033024.0
loss in epoch 9 iteration 1: -2516246593536.0
loss in epoch 9 iteration 2: -3188497055744.0
loss in epoch 9 iteration 3: -3966993694720.0
loss in epoch 9 iteration 4: -4906000842752.0
loss in epoch 9 iteration 5: -6182616956928.0
loss in epoch 10 iteration 0: -7925358133248.0
loss in epoch 10 iteration 1: -9824381173760.0
loss in epoch 10 iteration 2: -12058954301440.0
loss in epoch 10 iteration 3: -14894384545792.0
loss in epoch 10 iteration 4: -17884354969600.0
loss in epoch 10 iteration 5: -22600359084032.0
loss in epoch 11 iteration 0: -27550893998080.0
loss in epoch 11 iteration 1: -33377533034496.0
loss in epoch 11 iteration 2: -39985759649792.0
loss in epoch 11 iteration 3: -50036805206016.0
loss in epoch 11 iteration 4: -60366134444032.0
loss in epoch 11 iteration 5: -72358505218048.0
loss in epoch 12 iteration 0: -86502788825088.0
loss in epoch 12 iteration 1: -104070564020224.0
loss in epoch 12 iteration 2: -127456140853248.0
loss in epoch 12 iteration 3: -149678435860480.0
loss in epoch 12 iteration 4: -173560333074432.0
loss in epoch 12 iteration 5: -208598374285312.0
loss in epoch 13 iteration 0: -255776727760896.0
loss in epoch 13 iteration 1: -304078785609728.0
loss in epoch 13 iteration 2: -353768637988864.0
loss in epoch 13 iteration 3: -415363871277056.0
loss in epoch 13 iteration 4: -477686732423168.0
loss in epoch 13 iteration 5: -582007327293440.0
loss in epoch 14 iteration 0: -659950850277376.0
loss in epoch 14 iteration 1: -772078353514496.0
loss in epoch 14 iteration 2: -932903940784128.0
loss in epoch 14 iteration 3: -1101796617486336.0
loss in epoch 14 iteration 4: -1249228819005440.0
loss in epoch 14 iteration 5: -1443766409887744.0
loss in epoch 15 iteration 0: -1689554100682752.0
loss in epoch 15 iteration 1: -1922290325389312.0
loss in epoch 15 iteration 2: -2212110155120640.0
loss in epoch 15 iteration 3: -2523346168184832.0
loss in epoch 15 iteration 4: -3064624521936896.0
loss in epoch 15 iteration 5: -3516189061939200.0
loss in epoch 16 iteration 0: -3914760684830720.0
loss in epoch 16 iteration 1: -4553564055666688.0
loss in epoch 16 iteration 2: -5051734091104256.0
loss in epoch 16 iteration 3: -5985870687502336.0
loss in epoch 16 iteration 4: -6783676431990784.0
loss in epoch 16 iteration 5: -7802114109603840.0
loss in epoch 17 iteration 0: -8609591046701056.0
loss in epoch 17 iteration 1: -9716020256178176.0
loss in epoch 17 iteration 2: -1.160837855182848e+16
loss in epoch 17 iteration 3: -1.3151836252930048e+16
loss in epoch 17 iteration 4: -1.4283512890785792e+16
loss in epoch 17 iteration 5: -1.6474853523587072e+16
loss in epoch 18 iteration 0: -1.862704552948531e+16
loss in epoch 18 iteration 1: -2.075998427073741e+16
loss in epoch 18 iteration 2: -2.3002745325748224e+16
loss in epoch 18 iteration 3: -2.67143207714816e+16
loss in epoch 18 iteration 4: -3.0545180343926784e+16
loss in epoch 18 iteration 5: -3.396852912436019e+16
loss in epoch 19 iteration 0: -3.774639739030733e+16
loss in epoch 19 iteration 1: -4.245247036594586e+16
loss in epoch 19 iteration 2: -4.70175481551913e+16
loss in epoch 19 iteration 3: -5.243484194524365e+16
loss in epoch 19 iteration 4: -5.805697561054413e+16
loss in epoch 19 iteration 5: -6.569204018839552e+16
loss in epoch 20 iteration 0: -7.405107733856256e+16
loss in epoch 20 iteration 1: -8.217835805343744e+16
loss in epoch 20 iteration 2: -9.10660799079383e+16
loss in epoch 20 iteration 3: -9.94076537210798e+16
loss in epoch 20 iteration 4: -1.1080655705420595e+17
loss in epoch 20 iteration 5: -1.2480805594988544e+17
Evaluating........................................................................................................................epoch:20, time: 9.185067(s), valid (NDCG@10: 0.0265, HR@10: 0.0589), test (NDCG@10: 0.0259, HR@10: 0.0561)
loss in epoch 21 iteration 0: -1.3322445668325786e+17
loss in epoch 21 iteration 1: -1.5121396156229222e+17
loss in epoch 21 iteration 2: -1.6683882924684083e+17
loss in epoch 21 iteration 3: -1.812892982538404e+17
loss in epoch 21 iteration 4: -2.1015761169625907e+17
loss in epoch 21 iteration 5: -2.2408983276945408e+17
loss in epoch 22 iteration 0: -2.5680095653081907e+17
loss in epoch 22 iteration 1: -2.7711072300223693e+17
loss in epoch 22 iteration 2: -3.0039499484430336e+17
loss in epoch 22 iteration 3: -3.334706067102761e+17
loss in epoch 22 iteration 4: -3.602375644534538e+17
loss in epoch 22 iteration 5: -4.0133318593111654e+17
loss in epoch 23 iteration 0: -4.438718820604969e+17
loss in epoch 23 iteration 1: -4.7876165375256166e+17
loss in epoch 23 iteration 2: -5.400001908121272e+17
loss in epoch 23 iteration 3: -5.635520047569961e+17
loss in epoch 23 iteration 4: -6.115673339445903e+17
loss in epoch 23 iteration 5: -6.949773855393055e+17
loss in epoch 24 iteration 0: -7.448825690566164e+17
loss in epoch 24 iteration 1: -8.097159593831956e+17
loss in epoch 24 iteration 2: -8.993412753318216e+17
loss in epoch 24 iteration 3: -9.682394227073352e+17
loss in epoch 24 iteration 4: -1.0499838516249231e+18
loss in epoch 24 iteration 5: -1.1316605231384494e+18
loss in epoch 25 iteration 0: -1.2794255400627077e+18
loss in epoch 25 iteration 1: -1.38024732035593e+18
loss in epoch 25 iteration 2: -1.480232097422508e+18
loss in epoch 25 iteration 3: -1.595347391437865e+18
loss in epoch 25 iteration 4: -1.7026312764454339e+18
loss in epoch 25 iteration 5: -1.866518569806725e+18
loss in epoch 26 iteration 0: -2.0662495299166536e+18
loss in epoch 26 iteration 1: -2.2210352034621686e+18
loss in epoch 26 iteration 2: -2.4098859462594396e+18
loss in epoch 26 iteration 3: -2.5056369163643126e+18
loss in epoch 26 iteration 4: -2.8501631124918764e+18
loss in epoch 26 iteration 5: -2.9632800441237504e+18
loss in epoch 27 iteration 0: -3.392244610095907e+18
loss in epoch 27 iteration 1: -3.423393224754987e+18
loss in epoch 27 iteration 2: -3.801542486459941e+18
loss in epoch 27 iteration 3: -4.046610159273771e+18
loss in epoch 27 iteration 4: -4.4794724939663933e+18
loss in epoch 27 iteration 5: -4.778211452500574e+18
loss in epoch 28 iteration 0: -5.133773721714033e+18
loss in epoch 28 iteration 1: -5.541153225165505e+18
loss in epoch 28 iteration 2: -5.942155561175876e+18
loss in epoch 28 iteration 3: -6.195835983447982e+18
loss in epoch 28 iteration 4: -6.692473291086496e+18
loss in epoch 28 iteration 5: -7.168837253576262e+18
loss in epoch 29 iteration 0: -7.997844281907741e+18
loss in epoch 29 iteration 1: -8.411889574602605e+18
loss in epoch 29 iteration 2: -8.838555061761081e+18
loss in epoch 29 iteration 3: -9.750845148094267e+18
loss in epoch 29 iteration 4: -1.030785773872559e+19
loss in epoch 29 iteration 5: -1.1047318890823549e+19
loss in epoch 30 iteration 0: -1.1591533166107558e+19
loss in epoch 30 iteration 1: -1.2825277571448963e+19
loss in epoch 30 iteration 2: -1.3507680667135115e+19
loss in epoch 30 iteration 3: -1.44307536640019e+19
loss in epoch 30 iteration 4: -1.5138766584522211e+19
loss in epoch 30 iteration 5: -1.5920930569219736e+19
loss in epoch 31 iteration 0: -1.705852268271213e+19
loss in epoch 31 iteration 1: -1.8706105672562377e+19
loss in epoch 31 iteration 2: -1.9632369452172968e+19
loss in epoch 31 iteration 3: -2.065207192893522e+19
loss in epoch 31 iteration 4: -2.2237616074699833e+19
loss in epoch 31 iteration 5: -2.489873767912702e+19
loss in epoch 32 iteration 0: -2.531574505614711e+19
loss in epoch 32 iteration 1: -2.785198852793801e+19
loss in epoch 32 iteration 2: -2.8869938383165587e+19
loss in epoch 32 iteration 3: -3.0587536074449355e+19
loss in epoch 32 iteration 4: -3.2309855068662792e+19
loss in epoch 32 iteration 5: -3.3386534237976396e+19
loss in epoch 33 iteration 0: -3.684367587263434e+19
loss in epoch 33 iteration 1: -3.88075707656097e+19
loss in epoch 33 iteration 2: -4.069853725133793e+19
loss in epoch 33 iteration 3: -4.50610035661671e+19
loss in epoch 33 iteration 4: -4.6524418358364865e+19
loss in epoch 33 iteration 5: -4.915730010614425e+19
loss in epoch 34 iteration 0: -5.158960454473823e+19
loss in epoch 34 iteration 1: -5.569931512657425e+19
loss in epoch 34 iteration 2: -5.701170100158071e+19
loss in epoch 34 iteration 3: -6.0137806073394364e+19
loss in epoch 34 iteration 4: -6.6343757563817886e+19
loss in epoch 34 iteration 5: -7.060859604219357e+19
loss in epoch 35 iteration 0: -7.336128937302845e+19
loss in epoch 35 iteration 1: -7.754931157104119e+19
loss in epoch 35 iteration 2: -8.141157046397646e+19
loss in epoch 35 iteration 3: -8.876811249435594e+19
loss in epoch 35 iteration 4: -9.115310274858346e+19
loss in epoch 35 iteration 5: -9.593390245145582e+19
loss in epoch 36 iteration 0: -9.93399255915152e+19
loss in epoch 36 iteration 1: -1.0532688075396481e+20
loss in epoch 36 iteration 2: -1.1604664413575761e+20
loss in epoch 36 iteration 3: -1.2078172174710053e+20
loss in epoch 36 iteration 4: -1.2446379267447587e+20
loss in epoch 36 iteration 5: -1.2900617427598128e+20
loss in epoch 37 iteration 0: -1.3717035597547386e+20
loss in epoch 37 iteration 1: -1.4881888122729556e+20
loss in epoch 37 iteration 2: -1.5599786532392875e+20
loss in epoch 37 iteration 3: -1.653615526366738e+20
loss in epoch 37 iteration 4: -1.726087944151593e+20
loss in epoch 37 iteration 5: -1.7854181193519674e+20
loss in epoch 38 iteration 0: -1.8544964766832735e+20
loss in epoch 38 iteration 1: -1.9499460486607405e+20
loss in epoch 38 iteration 2: -2.1172493212398807e+20
loss in epoch 38 iteration 3: -2.2314197939183734e+20
loss in epoch 38 iteration 4: -2.3117698166920577e+20
loss in epoch 38 iteration 5: -2.4053233028576575e+20
loss in epoch 39 iteration 0: -2.4905460093219242e+20
loss in epoch 39 iteration 1: -2.642074544596897e+20
loss in epoch 39 iteration 2: -2.8486351321778723e+20
loss in epoch 39 iteration 3: -2.9048576477135005e+20
loss in epoch 39 iteration 4: -2.9989146222436916e+20
loss in epoch 39 iteration 5: -3.2834080662358485e+20
loss in epoch 40 iteration 0: -3.390653902643538e+20
loss in epoch 40 iteration 1: -3.574414137501648e+20
loss in epoch 40 iteration 2: -3.705770768570652e+20
loss in epoch 40 iteration 3: -3.974182843455887e+20
loss in epoch 40 iteration 4: -4.054248048737512e+20
loss in epoch 40 iteration 5: -4.254999872408482e+20
Evaluating........................................................................................................................epoch:40, time: 15.757721(s), valid (NDCG@10: 0.0423, HR@10: 0.0939), test (NDCG@10: 0.0411, HR@10: 0.0927)
loss in epoch 41 iteration 0: -4.3533116930553754e+20
loss in epoch 41 iteration 1: -4.7018030469710715e+20
loss in epoch 41 iteration 2: -4.9942291594943765e+20
loss in epoch 41 iteration 3: -5.039146936277863e+20
loss in epoch 41 iteration 4: -5.22159092377613e+20
loss in epoch 41 iteration 5: -5.640743052157827e+20
loss in epoch 42 iteration 0: -5.8634889786652466e+20
loss in epoch 42 iteration 1: -6.180527614995852e+20
loss in epoch 42 iteration 2: -6.416802636258869e+20
loss in epoch 42 iteration 3: -6.46025674316346e+20
loss in epoch 42 iteration 4: -6.937468714991265e+20
loss in epoch 42 iteration 5: -7.296338051298283e+20
loss in epoch 43 iteration 0: -7.409256664017855e+20
loss in epoch 43 iteration 1: -7.933785283118162e+20
loss in epoch 43 iteration 2: -8.376247761696153e+20
loss in epoch 43 iteration 3: -8.711421127088784e+20
loss in epoch 43 iteration 4: -8.766453707160368e+20
loss in epoch 43 iteration 5: -9.496965714217533e+20
loss in epoch 44 iteration 0: -9.733164033549397e+20
loss in epoch 44 iteration 1: -1.011887763838531e+21
loss in epoch 44 iteration 2: -1.0496079439925493e+21
loss in epoch 44 iteration 3: -1.0635709324247465e+21
loss in epoch 44 iteration 4: -1.074447829212288e+21
loss in epoch 44 iteration 5: -1.1625038979764962e+21
loss in epoch 45 iteration 0: -1.2215846511631328e+21
loss in epoch 45 iteration 1: -1.2289265037181652e+21
loss in epoch 45 iteration 2: -1.264101305657789e+21
loss in epoch 45 iteration 3: -1.3104282869121774e+21
loss in epoch 45 iteration 4: -1.3798211573455855e+21
loss in epoch 45 iteration 5: -1.4340862958931678e+21
loss in epoch 46 iteration 0: -1.4498159620166894e+21
loss in epoch 46 iteration 1: -1.497911872762216e+21
loss in epoch 46 iteration 2: -1.5009115515890214e+21
loss in epoch 46 iteration 3: -1.5429682759717324e+21
loss in epoch 46 iteration 4: -1.6697234948589586e+21
loss in epoch 46 iteration 5: -1.7475486519071762e+21
loss in epoch 47 iteration 0: -1.7395848803911016e+21
loss in epoch 47 iteration 1: -1.7956202150672172e+21
loss in epoch 47 iteration 2: -1.8112309580130786e+21
loss in epoch 47 iteration 3: -1.8514956719565612e+21
loss in epoch 47 iteration 4: -2.0230956248708174e+21
loss in epoch 47 iteration 5: -2.073986722872569e+21
loss in epoch 48 iteration 0: -2.0729373841593918e+21
loss in epoch 48 iteration 1: -2.1611105465139116e+21
loss in epoch 48 iteration 2: -2.1701895218877138e+21
loss in epoch 48 iteration 3: -2.229591719497754e+21
loss in epoch 48 iteration 4: -2.415047981828034e+21
loss in epoch 48 iteration 5: -2.4664602307491655e+21
loss in epoch 49 iteration 0: -2.4529257879690103e+21
loss in epoch 49 iteration 1: -2.5602364339900876e+21
loss in epoch 49 iteration 2: -2.6024678135958476e+21
loss in epoch 49 iteration 3: -2.6565585783953576e+21
loss in epoch 49 iteration 4: -2.863063258009084e+21
loss in epoch 49 iteration 5: -2.906981235675294e+21
loss in epoch 50 iteration 0: -2.946283305198426e+21
loss in epoch 50 iteration 1: -3.0108742125291506e+21
loss in epoch 50 iteration 2: -3.0776445806045456e+21
loss in epoch 50 iteration 3: -3.240623095719643e+21
loss in epoch 50 iteration 4: -3.314936148745953e+21
loss in epoch 50 iteration 5: -3.436160384340815e+21
loss in epoch 51 iteration 0: -3.4499712355481e+21
loss in epoch 51 iteration 1: -3.5022659085212194e+21
loss in epoch 51 iteration 2: -3.7792637442523157e+21
loss in epoch 51 iteration 3: -3.848341081236831e+21
loss in epoch 51 iteration 4: -3.9033683132838576e+21
loss in epoch 51 iteration 5: -3.958976228207838e+21
loss in epoch 52 iteration 0: -4.0071881066437694e+21
loss in epoch 52 iteration 1: -4.1785669609638194e+21
loss in epoch 52 iteration 2: -4.258403397458123e+21
loss in epoch 52 iteration 3: -4.390611349594188e+21
loss in epoch 52 iteration 4: -4.454768785460778e+21
loss in epoch 52 iteration 5: -4.689386622798411e+21
loss in epoch 53 iteration 0: -4.620146593277357e+21
loss in epoch 53 iteration 1: -4.732918416796574e+21
loss in epoch 53 iteration 2: -5.061566910754076e+21
loss in epoch 53 iteration 3: -5.116564869403524e+21
loss in epoch 53 iteration 4: -5.10252208281543e+21
loss in epoch 53 iteration 5: -5.286261066312798e+21
loss in epoch 54 iteration 0: -5.464116096897007e+21
loss in epoch 54 iteration 1: -5.584613282627025e+21
loss in epoch 54 iteration 2: -5.55971062848748e+21
loss in epoch 54 iteration 3: -5.616822464212025e+21
loss in epoch 54 iteration 4: -5.876623304766008e+21
loss in epoch 54 iteration 5: -5.825671267431798e+21
loss in epoch 55 iteration 0: -5.9577989991995e+21
loss in epoch 55 iteration 1: -6.370690701886688e+21
loss in epoch 55 iteration 2: -6.342955283581527e+21
loss in epoch 55 iteration 3: -6.315514851051958e+21
loss in epoch 55 iteration 4: -6.643061089000661e+21
loss in epoch 55 iteration 5: -6.616436933903553e+21
loss in epoch 56 iteration 0: -6.787261282519483e+21
loss in epoch 56 iteration 1: -7.131768639614817e+21
loss in epoch 56 iteration 2: -7.225989573318942e+21
loss in epoch 56 iteration 3: -7.266449912371238e+21
loss in epoch 56 iteration 4: -7.125938729897186e+21
loss in epoch 56 iteration 5: -7.464541867881037e+21
loss in epoch 57 iteration 0: -7.599028359953574e+21
loss in epoch 57 iteration 1: -7.421973844203131e+21
loss in epoch 57 iteration 2: -7.703641349797857e+21
loss in epoch 57 iteration 3: -8.357347842909939e+21
loss in epoch 57 iteration 4: -8.101396454137452e+21
loss in epoch 57 iteration 5: -8.092189407649246e+21
loss in epoch 58 iteration 0: -8.552203962087471e+21
loss in epoch 58 iteration 1: -8.389107227482156e+21
loss in epoch 58 iteration 2: -8.657255489945469e+21
loss in epoch 58 iteration 3: -8.674871882837882e+21
loss in epoch 58 iteration 4: -9.166436967415605e+21
loss in epoch 58 iteration 5: -9.105778546984505e+21
loss in epoch 59 iteration 0: -9.301022538679944e+21
loss in epoch 59 iteration 1: -9.627691700601217e+21
loss in epoch 59 iteration 2: -9.57760716914523e+21
loss in epoch 59 iteration 3: -9.857436080192082e+21
loss in epoch 59 iteration 4: -1.0298522005396469e+22
loss in epoch 59 iteration 5: -9.844964486923986e+21
loss in epoch 60 iteration 0: -1.0401396605784586e+22
loss in epoch 60 iteration 1: -1.0341132813270834e+22
loss in epoch 60 iteration 2: -1.053509271612252e+22
loss in epoch 60 iteration 3: -1.100851336075152e+22
loss in epoch 60 iteration 4: -1.0945805239540014e+22
loss in epoch 60 iteration 5: -1.0839193777361086e+22
Evaluating........................................................................................................................epoch:60, time: 22.022772(s), valid (NDCG@10: 0.1742, HR@10: 0.3238), test (NDCG@10: 0.1576, HR@10: 0.3000)
loss in epoch 61 iteration 0: -1.1299933411339317e+22
loss in epoch 61 iteration 1: -1.1478049650701914e+22
loss in epoch 61 iteration 2: -1.1592830642604892e+22
loss in epoch 61 iteration 3: -1.2143677172027645e+22
loss in epoch 61 iteration 4: -1.2398451432447529e+22
loss in epoch 61 iteration 5: -1.2464607059173788e+22
loss in epoch 62 iteration 0: -1.2566436824448355e+22
loss in epoch 62 iteration 1: -1.237102563661675e+22
loss in epoch 62 iteration 2: -1.3248076894249203e+22
loss in epoch 62 iteration 3: -1.3151682973724871e+22
loss in epoch 62 iteration 4: -1.2956133300204724e+22
loss in epoch 62 iteration 5: -1.3872507737983563e+22
loss in epoch 63 iteration 0: -1.3819628722958792e+22
loss in epoch 63 iteration 1: -1.3642267962433688e+22
loss in epoch 63 iteration 2: -1.4256180649238324e+22
loss in epoch 63 iteration 3: -1.4286012493170026e+22
loss in epoch 63 iteration 4: -1.5127582141138241e+22
loss in epoch 63 iteration 5: -1.4674492997027005e+22
loss in epoch 64 iteration 0: -1.5174804635031035e+22
loss in epoch 64 iteration 1: -1.4940266173636834e+22
loss in epoch 64 iteration 2: -1.5862320776445694e+22
loss in epoch 64 iteration 3: -1.6393755665574574e+22
loss in epoch 64 iteration 4: -1.6095904474718892e+22
loss in epoch 64 iteration 5: -1.6336476633713863e+22
loss in epoch 65 iteration 0: -1.653536009685817e+22
loss in epoch 65 iteration 1: -1.6402114346482974e+22
loss in epoch 65 iteration 2: -1.6907548829063137e+22
loss in epoch 65 iteration 3: -1.73126949033412e+22
loss in epoch 65 iteration 4: -1.696716297733064e+22
loss in epoch 65 iteration 5: -1.8382376376035359e+22
loss in epoch 66 iteration 0: -1.803252887568187e+22
loss in epoch 66 iteration 1: -1.8637969165687517e+22
loss in epoch 66 iteration 2: -1.8558122596094051e+22
loss in epoch 66 iteration 3: -1.8693203563317402e+22
loss in epoch 66 iteration 4: -1.9813352373435874e+22
loss in epoch 66 iteration 5: -1.9362253820359936e+22
loss in epoch 67 iteration 0: -1.9117613785001543e+22
loss in epoch 67 iteration 1: -2.018900437375429e+22
loss in epoch 67 iteration 2: -2.0245112469711883e+22
loss in epoch 67 iteration 3: -2.042793159298536e+22
loss in epoch 67 iteration 4: -2.0054380521893115e+22
loss in epoch 67 iteration 5: -2.1119558394959903e+22
loss in epoch 68 iteration 0: -2.0864393447272346e+22
loss in epoch 68 iteration 1: -2.112412054138243e+22
loss in epoch 68 iteration 2: -2.239024902982249e+22
loss in epoch 68 iteration 3: -2.224627345333508e+22
loss in epoch 68 iteration 4: -2.3137972668755557e+22
loss in epoch 68 iteration 5: -2.324376222400249e+22
loss in epoch 69 iteration 0: -2.380169967103854e+22
loss in epoch 69 iteration 1: -2.3594583627775397e+22
loss in epoch 69 iteration 2: -2.4024440953208842e+22
loss in epoch 69 iteration 3: -2.48642902261194e+22
loss in epoch 69 iteration 4: -2.4513628700133267e+22
loss in epoch 69 iteration 5: -2.504497689496932e+22
loss in epoch 70 iteration 0: -2.5223742778578165e+22
loss in epoch 70 iteration 1: -2.493228557329344e+22
loss in epoch 70 iteration 2: -2.5366412311173634e+22
loss in epoch 70 iteration 3: -2.6124994128808293e+22
loss in epoch 70 iteration 4: -2.5927851306919964e+22
loss in epoch 70 iteration 5: -2.656984618920107e+22
loss in epoch 71 iteration 0: -2.816022484361255e+22
loss in epoch 71 iteration 1: -2.819390501342584e+22
loss in epoch 71 iteration 2: -2.843453459331606e+22
loss in epoch 71 iteration 3: -2.8624825188371344e+22
loss in epoch 71 iteration 4: -2.9558799693493947e+22
loss in epoch 71 iteration 5: -2.967822164481293e+22
loss in epoch 72 iteration 0: -3.000839854789397e+22
loss in epoch 72 iteration 1: -3.0205086506219936e+22
loss in epoch 72 iteration 2: -3.026315366801544e+22
loss in epoch 72 iteration 3: -3.026014751526417e+22
loss in epoch 72 iteration 4: -3.0711912601084957e+22
loss in epoch 72 iteration 5: -3.1565869399828255e+22
loss in epoch 73 iteration 0: -3.161865834286048e+22
loss in epoch 73 iteration 1: -3.3010448519903243e+22
loss in epoch 73 iteration 2: -3.292562322092172e+22
loss in epoch 73 iteration 3: -3.3350697723550897e+22
loss in epoch 73 iteration 4: -3.346315260624634e+22
loss in epoch 73 iteration 5: -3.3425675901947175e+22
loss in epoch 74 iteration 0: -3.505812042867811e+22
loss in epoch 74 iteration 1: -3.518651580225463e+22
loss in epoch 74 iteration 2: -3.587012619689245e+22
loss in epoch 74 iteration 3: -3.5033596076907263e+22
loss in epoch 74 iteration 4: -3.7304970786372877e+22
loss in epoch 74 iteration 5: -3.6473119906400527e+22
loss in epoch 75 iteration 0: -3.7090459832521593e+22
loss in epoch 75 iteration 1: -3.84487071995397e+22
loss in epoch 75 iteration 2: -3.843406599715112e+22
loss in epoch 75 iteration 3: -3.8359981783280876e+22
loss in epoch 75 iteration 4: -3.988028442749047e+22
loss in epoch 75 iteration 5: -4.0020549037884925e+22
loss in epoch 76 iteration 0: -4.013734539062115e+22
loss in epoch 76 iteration 1: -3.994872112742799e+22
loss in epoch 76 iteration 2: -4.0528284859874675e+22
loss in epoch 76 iteration 3: -4.120772942485718e+22
loss in epoch 76 iteration 4: -4.168009397537356e+22
loss in epoch 76 iteration 5: -4.178108269341772e+22
loss in epoch 77 iteration 0: -4.4471578146805125e+22
loss in epoch 77 iteration 1: -4.443025311662437e+22
loss in epoch 77 iteration 2: -4.462188128076899e+22
loss in epoch 77 iteration 3: -4.484310710166468e+22
loss in epoch 77 iteration 4: -4.609941774291707e+22
loss in epoch 77 iteration 5: -4.6098557555388245e+22
loss in epoch 78 iteration 0: -4.62741168760624e+22
loss in epoch 78 iteration 1: -4.615714037934108e+22
loss in epoch 78 iteration 2: -4.7234671626185746e+22
loss in epoch 78 iteration 3: -4.71230228878236e+22
loss in epoch 78 iteration 4: -4.675417357474233e+22
loss in epoch 78 iteration 5: -4.8182319059777045e+22
loss in epoch 79 iteration 0: -4.9590756792842385e+22
loss in epoch 79 iteration 1: -5.020402546490031e+22
loss in epoch 79 iteration 2: -4.967706827970094e+22
loss in epoch 79 iteration 3: -4.95051974071216e+22
loss in epoch 79 iteration 4: -4.968725992565768e+22
loss in epoch 79 iteration 5: -5.1401185828646815e+22
loss in epoch 80 iteration 0: -5.259285630444756e+22
loss in epoch 80 iteration 1: -5.255048643915326e+22
loss in epoch 80 iteration 2: -5.299314975012713e+22
loss in epoch 80 iteration 3: -5.303417303913285e+22
loss in epoch 80 iteration 4: -5.3372078119174455e+22
loss in epoch 80 iteration 5: -5.304773788121049e+22
srun: Job step aborted: Waiting up to 32 seconds for job step to finish.
slurmstepd-node1: error: *** JOB 3489 ON node1 CANCELLED AT 2024-12-18T13:51:42 ***
slurmstepd-node1: error: *** STEP 3489.0 ON node1 CANCELLED AT 2024-12-18T13:51:42 ***
